unload conda/22.11.1  : OK 
load conda/22.11.1  : OK 
envs_dirs : /work/scratch/env/barrouz/conda_env/
pkgs_dirs : /work/scratch/env/barrouz/pkgs_conda
INPUT_PATH /home/ad/barrouz/WORKSPACE/TIMESERIES_PROJECT/inference_code/list_large/ALP/1.txt
OUTPUT_PATH /work/CAMPUS/etudes/Neige/CoSIMS/zacharie/TIMESERIES_PROJECT/SWH_INFERENCE2/TCD-CIRRUS-BLUE_AVG-1200
DEM_PATH /work/CAMPUS/etudes/Neige/DEM
TCD_PATH /work/datalake/static_aux/TreeCoverDensity
MODELS_PATH /work/CAMPUS/etudes/Neige/CoSIMS/zacharie/TIMESERIES_PROJECT/MODELS/TCD-CIRRUS-BLUE_AVG-1200
KEEP_REFL 0
MASK 1
start
/home/ad/barrouz/WORKSPACE/TIMESERIES_PROJECT/inference_code/list_large/ALP/1.txt
muscate/SPOTWORLDHERITAGE/2014/05/17/SPOT5-HRG2-XS_20140517-102116-769_L1C_049-256-9_D_V1-0/SPOT5-HRG2-XS_20140517-102116-769_L1C_049-256-9_D_V1-0.zip
activate s3 conda env
start s2 script
get credentials
get s3filesystem
download
SPOT5-HRG2-XS_20140517-102116-769_L1C_049-256-9_D_V1-0.zip
/tmp/slurm-4444850/INPUT/SPOT5-HRG2-XS_20140517-102116-769_L1C_049-256-9_D_V1-0.zip
run script
2024-01-16T17:35:34.358    INFO:run_snow_swh.py::main:output directory : /work/CAMPUS/etudes/Neige/CoSIMS/zacharie/TIMESERIES_PROJECT/SWH_INFERENCE2/TCD-CIRRUS-BLUE_AVG-1200
2024-01-16T17:35:34.359    INFO:run_snow_swh.py::main:input file : /tmp/slurm-4444850/INPUT/SPOT5-HRG2-XS_20140517-102116-769_L1C_049-256-9_D_V1-0.zip
2024-01-16T17:35:34.359    INFO:run_snow_swh.py::main:dem directory : /work/CAMPUS/etudes/Neige/DEM
2024-01-16T17:35:34.359    INFO:run_snow_swh.py::main:tree cover density directory : /work/datalake/static_aux/TreeCoverDensity
2024-01-16T17:35:34.359    INFO:run_snow_swh.py::main:model directory : /work/CAMPUS/etudes/Neige/CoSIMS/zacharie/TIMESERIES_PROJECT/MODELS/TCD-CIRRUS-BLUE_AVG-1200
2024-01-16T17:35:34.359    INFO:run_snow_swh.py::main:model type : mtn
2024-01-16T17:35:34.359    INFO:run_snow_swh.py::main:keep merged bands : None
2024-01-16T17:35:34.359    INFO:run_snow_swh.py::main:mask inference : None
2024-01-16T17:35:34.359    INFO:run_snow_swh.py::main:no data buffer : 2000
2024-01-16T17:35:34.359    INFO:run_snow_swh.py::main:Launch snow detection.
0...10...20...30...40...50...60...70...80...90...100 - done.
0...10...20...30...40...50...60...70...80...90...100 - done.
/work/scratch/env/barrouz/conda_env/pl_lightning/lib/python3.8/site-packages/torchvision/io/image.py:13: UserWarning: Failed to load image Python extension: /work/scratch/env/barrouz/conda_env/pl_lightning/lib/python3.8/site-packages/torchvision/image.so: undefined symbol: _ZN5torch3jit17parseSchemaOrNameERKSs
  warn(f"Failed to load image Python extension: {e}")
2024-01-16T17:35:39.454    ERROR:run_snow_swh.py::main:Calculated padded input size per channel: (722 x 2). Kernel size: (3 x 3). Kernel size can't be greater than actual input size
Namespace(buffer=None, dem_dir='/work/CAMPUS/etudes/Neige/DEM', input_file='/tmp/slurm-4444850/INPUT/SPOT5-HRG2-XS_20140517-102116-769_L1C_049-256-9_D_V1-0.zip', job_dir='/tmp/slurm-4444850/OUTPUT', json_config_file=None, keep='0', log_level=None, mask='1', model_dir='/work/CAMPUS/etudes/Neige/CoSIMS/zacharie/TIMESERIES_PROJECT/MODELS/TCD-CIRRUS-BLUE_AVG-1200', model_type='mtn', output_dir='/work/CAMPUS/etudes/Neige/CoSIMS/zacharie/TIMESERIES_PROJECT/SWH_INFERENCE2/TCD-CIRRUS-BLUE_AVG-1200', tcd_dir='/work/datalake/static_aux/TreeCoverDensity')
DEVICE cpu
skipped existing inference for /work/CAMPUS/etudes/Neige/CoSIMS/zacharie/TIMESERIES_PROJECT/SWH_INFERENCE2/TCD-CIRRUS-BLUE_AVG-1200/ALP/SPOT5/2014/5/17/SPOT5-HRG2-XS_20140517-102116-769_L1C_049-256-9_C_V1-0/31TGL/FSC_20140517T102116_SPOT5_31TGL
skipped existing inference for /work/CAMPUS/etudes/Neige/CoSIMS/zacharie/TIMESERIES_PROJECT/SWH_INFERENCE2/TCD-CIRRUS-BLUE_AVG-1200/ALP/SPOT5/2014/5/17/SPOT5-HRG2-XS_20140517-102116-769_L1C_049-256-9_C_V1-0/31TGM/FSC_20140517T102116_SPOT5_31TGM
TOTO
muscate/SPOTWORLDHERITAGE/2014/05/17/SPOT5-HRG2-XS_20140517-102117-082_L1C_049-257-0_D_V1-0/SPOT5-HRG2-XS_20140517-102117-082_L1C_049-257-0_D_V1-0.zip
activate s3 conda env
start s2 script
get credentials
get s3filesystem
download
SPOT5-HRG2-XS_20140517-102117-082_L1C_049-257-0_D_V1-0.zip
/tmp/slurm-4444850/INPUT/SPOT5-HRG2-XS_20140517-102117-082_L1C_049-257-0_D_V1-0.zip
run script
2024-01-16T17:35:45.728    INFO:run_snow_swh.py::main:output directory : /work/CAMPUS/etudes/Neige/CoSIMS/zacharie/TIMESERIES_PROJECT/SWH_INFERENCE2/TCD-CIRRUS-BLUE_AVG-1200
2024-01-16T17:35:45.730    INFO:run_snow_swh.py::main:input file : /tmp/slurm-4444850/INPUT/SPOT5-HRG2-XS_20140517-102117-082_L1C_049-257-0_D_V1-0.zip
2024-01-16T17:35:45.730    INFO:run_snow_swh.py::main:dem directory : /work/CAMPUS/etudes/Neige/DEM
2024-01-16T17:35:45.730    INFO:run_snow_swh.py::main:tree cover density directory : /work/datalake/static_aux/TreeCoverDensity
2024-01-16T17:35:45.730    INFO:run_snow_swh.py::main:model directory : /work/CAMPUS/etudes/Neige/CoSIMS/zacharie/TIMESERIES_PROJECT/MODELS/TCD-CIRRUS-BLUE_AVG-1200
2024-01-16T17:35:45.730    INFO:run_snow_swh.py::main:model type : mtn
2024-01-16T17:35:45.730    INFO:run_snow_swh.py::main:keep merged bands : None
2024-01-16T17:35:45.730    INFO:run_snow_swh.py::main:mask inference : None
2024-01-16T17:35:45.730    INFO:run_snow_swh.py::main:no data buffer : 2000
2024-01-16T17:35:45.730    INFO:run_snow_swh.py::main:Launch snow detection.
Namespace(buffer=None, dem_dir='/work/CAMPUS/etudes/Neige/DEM', input_file='/tmp/slurm-4444850/INPUT/SPOT5-HRG2-XS_20140517-102117-082_L1C_049-257-0_D_V1-0.zip', job_dir='/tmp/slurm-4444850/OUTPUT', json_config_file=None, keep='0', log_level=None, mask='1', model_dir='/work/CAMPUS/etudes/Neige/CoSIMS/zacharie/TIMESERIES_PROJECT/MODELS/TCD-CIRRUS-BLUE_AVG-1200', model_type='mtn', output_dir='/work/CAMPUS/etudes/Neige/CoSIMS/zacharie/TIMESERIES_PROJECT/SWH_INFERENCE2/TCD-CIRRUS-BLUE_AVG-1200', tcd_dir='/work/datalake/static_aux/TreeCoverDensity')
DEVICE cpu
skipped existing inference for /work/CAMPUS/etudes/Neige/CoSIMS/zacharie/TIMESERIES_PROJECT/SWH_INFERENCE2/TCD-CIRRUS-BLUE_AVG-1200/ALP/SPOT5/2014/5/17/SPOT5-HRG2-XS_20140517-102117-082_L1C_049-257-0_C_V1-0/31TGL/FSC_20140517T102117_SPOT5_31TGL
skipped existing inference for /work/CAMPUS/etudes/Neige/CoSIMS/zacharie/TIMESERIES_PROJECT/SWH_INFERENCE2/TCD-CIRRUS-BLUE_AVG-1200/ALP/SPOT5/2014/5/17/SPOT5-HRG2-XS_20140517-102117-082_L1C_049-257-0_C_V1-0/31TGM/FSC_20140517T102117_SPOT5_31TGM
muscate/SPOTWORLDHERITAGE/2014/05/17/SPOT5-HRG2-XS_20140517-102119-777_L1C_049-257-3_D_V1-0/SPOT5-HRG2-XS_20140517-102119-777_L1C_049-257-3_D_V1-0.zip
activate s3 conda env
start s2 script
get credentials
get s3filesystem
download
SPOT5-HRG2-XS_20140517-102119-777_L1C_049-257-3_D_V1-0.zip
/tmp/slurm-4444850/INPUT/SPOT5-HRG2-XS_20140517-102119-777_L1C_049-257-3_D_V1-0.zip
run script
2024-01-16T17:35:52.313    INFO:run_snow_swh.py::main:output directory : /work/CAMPUS/etudes/Neige/CoSIMS/zacharie/TIMESERIES_PROJECT/SWH_INFERENCE2/TCD-CIRRUS-BLUE_AVG-1200
2024-01-16T17:35:52.314    INFO:run_snow_swh.py::main:input file : /tmp/slurm-4444850/INPUT/SPOT5-HRG2-XS_20140517-102119-777_L1C_049-257-3_D_V1-0.zip
2024-01-16T17:35:52.315    INFO:run_snow_swh.py::main:dem directory : /work/CAMPUS/etudes/Neige/DEM
2024-01-16T17:35:52.315    INFO:run_snow_swh.py::main:tree cover density directory : /work/datalake/static_aux/TreeCoverDensity
2024-01-16T17:35:52.315    INFO:run_snow_swh.py::main:model directory : /work/CAMPUS/etudes/Neige/CoSIMS/zacharie/TIMESERIES_PROJECT/MODELS/TCD-CIRRUS-BLUE_AVG-1200
2024-01-16T17:35:52.315    INFO:run_snow_swh.py::main:model type : mtn
2024-01-16T17:35:52.315    INFO:run_snow_swh.py::main:keep merged bands : None
2024-01-16T17:35:52.315    INFO:run_snow_swh.py::main:mask inference : None
2024-01-16T17:35:52.315    INFO:run_snow_swh.py::main:no data buffer : 2000
2024-01-16T17:35:52.315    INFO:run_snow_swh.py::main:Launch snow detection.
Namespace(buffer=None, dem_dir='/work/CAMPUS/etudes/Neige/DEM', input_file='/tmp/slurm-4444850/INPUT/SPOT5-HRG2-XS_20140517-102119-777_L1C_049-257-3_D_V1-0.zip', job_dir='/tmp/slurm-4444850/OUTPUT', json_config_file=None, keep='0', log_level=None, mask='1', model_dir='/work/CAMPUS/etudes/Neige/CoSIMS/zacharie/TIMESERIES_PROJECT/MODELS/TCD-CIRRUS-BLUE_AVG-1200', model_type='mtn', output_dir='/work/CAMPUS/etudes/Neige/CoSIMS/zacharie/TIMESERIES_PROJECT/SWH_INFERENCE2/TCD-CIRRUS-BLUE_AVG-1200', tcd_dir='/work/datalake/static_aux/TreeCoverDensity')
DEVICE cpu
skipped existing inference for /work/CAMPUS/etudes/Neige/CoSIMS/zacharie/TIMESERIES_PROJECT/SWH_INFERENCE2/TCD-CIRRUS-BLUE_AVG-1200/ALP/SPOT5/2014/5/17/SPOT5-HRG2-XS_20140517-102119-777_L1C_049-257-3_C_V1-0/31TGL/FSC_20140517T102119_SPOT5_31TGL
skipped existing inference for /work/CAMPUS/etudes/Neige/CoSIMS/zacharie/TIMESERIES_PROJECT/SWH_INFERENCE2/TCD-CIRRUS-BLUE_AVG-1200/ALP/SPOT5/2014/5/17/SPOT5-HRG2-XS_20140517-102119-777_L1C_049-257-3_C_V1-0/31TGM/FSC_20140517T102119_SPOT5_31TGM
muscate/SPOTWORLDHERITAGE/2014/08/14/SPOT5-HRG1-XS_20140814-100328-314_L1C_049-256-0_D_V1-0/SPOT5-HRG1-XS_20140814-100328-314_L1C_049-256-0_D_V1-0.zip
activate s3 conda env
start s2 script
get credentials
get s3filesystem
download
SPOT5-HRG1-XS_20140814-100328-314_L1C_049-256-0_D_V1-0.zip
/tmp/slurm-4444850/INPUT/SPOT5-HRG1-XS_20140814-100328-314_L1C_049-256-0_D_V1-0.zip
run script
2024-01-16T17:35:57.439    INFO:run_snow_swh.py::main:output directory : /work/CAMPUS/etudes/Neige/CoSIMS/zacharie/TIMESERIES_PROJECT/SWH_INFERENCE2/TCD-CIRRUS-BLUE_AVG-1200
2024-01-16T17:35:57.441    INFO:run_snow_swh.py::main:input file : /tmp/slurm-4444850/INPUT/SPOT5-HRG1-XS_20140814-100328-314_L1C_049-256-0_D_V1-0.zip
2024-01-16T17:35:57.441    INFO:run_snow_swh.py::main:dem directory : /work/CAMPUS/etudes/Neige/DEM
2024-01-16T17:35:57.441    INFO:run_snow_swh.py::main:tree cover density directory : /work/datalake/static_aux/TreeCoverDensity
2024-01-16T17:35:57.441    INFO:run_snow_swh.py::main:model directory : /work/CAMPUS/etudes/Neige/CoSIMS/zacharie/TIMESERIES_PROJECT/MODELS/TCD-CIRRUS-BLUE_AVG-1200
2024-01-16T17:35:57.441    INFO:run_snow_swh.py::main:model type : mtn
2024-01-16T17:35:57.441    INFO:run_snow_swh.py::main:keep merged bands : None
2024-01-16T17:35:57.441    INFO:run_snow_swh.py::main:mask inference : None
2024-01-16T17:35:57.441    INFO:run_snow_swh.py::main:no data buffer : 2000
2024-01-16T17:35:57.441    INFO:run_snow_swh.py::main:Launch snow detection.
Namespace(buffer=None, dem_dir='/work/CAMPUS/etudes/Neige/DEM', input_file='/tmp/slurm-4444850/INPUT/SPOT5-HRG1-XS_20140814-100328-314_L1C_049-256-0_D_V1-0.zip', job_dir='/tmp/slurm-4444850/OUTPUT', json_config_file=None, keep='0', log_level=None, mask='1', model_dir='/work/CAMPUS/etudes/Neige/CoSIMS/zacharie/TIMESERIES_PROJECT/MODELS/TCD-CIRRUS-BLUE_AVG-1200', model_type='mtn', output_dir='/work/CAMPUS/etudes/Neige/CoSIMS/zacharie/TIMESERIES_PROJECT/SWH_INFERENCE2/TCD-CIRRUS-BLUE_AVG-1200', tcd_dir='/work/datalake/static_aux/TreeCoverDensity')
DEVICE cpu
skipped existing inference for /work/CAMPUS/etudes/Neige/CoSIMS/zacharie/TIMESERIES_PROJECT/SWH_INFERENCE2/TCD-CIRRUS-BLUE_AVG-1200/ALP/SPOT5/2014/8/14/SPOT5-HRG1-XS_20140814-100328-314_L1C_049-256-0_C_V1-0/31TGM/FSC_20140814T100328_SPOT5_31TGM
skipped existing inference for /work/CAMPUS/etudes/Neige/CoSIMS/zacharie/TIMESERIES_PROJECT/SWH_INFERENCE2/TCD-CIRRUS-BLUE_AVG-1200/ALP/SPOT5/2014/8/14/SPOT5-HRG1-XS_20140814-100328-314_L1C_049-256-0_C_V1-0/32TLS/FSC_20140814T100328_SPOT5_32TLS
muscate/SPOTWORLDHERITAGE/2014/08/14/SPOT5-HRG1-XS_20140814-100336-665_L1C_049-257-0_D_V1-0/SPOT5-HRG1-XS_20140814-100336-665_L1C_049-257-0_D_V1-0.zip
activate s3 conda env
start s2 script
get credentials
get s3filesystem
download
SPOT5-HRG1-XS_20140814-100336-665_L1C_049-257-0_D_V1-0.zip
/tmp/slurm-4444850/INPUT/SPOT5-HRG1-XS_20140814-100336-665_L1C_049-257-0_D_V1-0.zip
run script
2024-01-16T17:36:02.540    INFO:run_snow_swh.py::main:output directory : /work/CAMPUS/etudes/Neige/CoSIMS/zacharie/TIMESERIES_PROJECT/SWH_INFERENCE2/TCD-CIRRUS-BLUE_AVG-1200
2024-01-16T17:36:02.541    INFO:run_snow_swh.py::main:input file : /tmp/slurm-4444850/INPUT/SPOT5-HRG1-XS_20140814-100336-665_L1C_049-257-0_D_V1-0.zip
2024-01-16T17:36:02.541    INFO:run_snow_swh.py::main:dem directory : /work/CAMPUS/etudes/Neige/DEM
2024-01-16T17:36:02.541    INFO:run_snow_swh.py::main:tree cover density directory : /work/datalake/static_aux/TreeCoverDensity
2024-01-16T17:36:02.541    INFO:run_snow_swh.py::main:model directory : /work/CAMPUS/etudes/Neige/CoSIMS/zacharie/TIMESERIES_PROJECT/MODELS/TCD-CIRRUS-BLUE_AVG-1200
2024-01-16T17:36:02.541    INFO:run_snow_swh.py::main:model type : mtn
2024-01-16T17:36:02.541    INFO:run_snow_swh.py::main:keep merged bands : None
2024-01-16T17:36:02.541    INFO:run_snow_swh.py::main:mask inference : None
2024-01-16T17:36:02.542    INFO:run_snow_swh.py::main:no data buffer : 2000
2024-01-16T17:36:02.542    INFO:run_snow_swh.py::main:Launch snow detection.
Namespace(buffer=None, dem_dir='/work/CAMPUS/etudes/Neige/DEM', input_file='/tmp/slurm-4444850/INPUT/SPOT5-HRG1-XS_20140814-100336-665_L1C_049-257-0_D_V1-0.zip', job_dir='/tmp/slurm-4444850/OUTPUT', json_config_file=None, keep='0', log_level=None, mask='1', model_dir='/work/CAMPUS/etudes/Neige/CoSIMS/zacharie/TIMESERIES_PROJECT/MODELS/TCD-CIRRUS-BLUE_AVG-1200', model_type='mtn', output_dir='/work/CAMPUS/etudes/Neige/CoSIMS/zacharie/TIMESERIES_PROJECT/SWH_INFERENCE2/TCD-CIRRUS-BLUE_AVG-1200', tcd_dir='/work/datalake/static_aux/TreeCoverDensity')
DEVICE cpu
skipped existing inference for /work/CAMPUS/etudes/Neige/CoSIMS/zacharie/TIMESERIES_PROJECT/SWH_INFERENCE2/TCD-CIRRUS-BLUE_AVG-1200/ALP/SPOT5/2014/8/14/SPOT5-HRG1-XS_20140814-100336-665_L1C_049-257-0_C_V1-0/31TGL/FSC_20140814T100336_SPOT5_31TGL
skipped existing inference for /work/CAMPUS/etudes/Neige/CoSIMS/zacharie/TIMESERIES_PROJECT/SWH_INFERENCE2/TCD-CIRRUS-BLUE_AVG-1200/ALP/SPOT5/2014/8/14/SPOT5-HRG1-XS_20140814-100336-665_L1C_049-257-0_C_V1-0/31TGM/FSC_20140814T100336_SPOT5_31TGM
muscate/SPOTWORLDHERITAGE/2014/08/14/SPOT5-HRG1-XS_20140814-100400-657_L1C_049-259-9_D_V1-0/SPOT5-HRG1-XS_20140814-100400-657_L1C_049-259-9_D_V1-0.zip
activate s3 conda env
start s2 script
get credentials
get s3filesystem
download
SPOT5-HRG1-XS_20140814-100400-657_L1C_049-259-9_D_V1-0.zip
/tmp/slurm-4444850/INPUT/SPOT5-HRG1-XS_20140814-100400-657_L1C_049-259-9_D_V1-0.zip
run script
2024-01-16T17:36:08.529    INFO:run_snow_swh.py::main:output directory : /work/CAMPUS/etudes/Neige/CoSIMS/zacharie/TIMESERIES_PROJECT/SWH_INFERENCE2/TCD-CIRRUS-BLUE_AVG-1200
2024-01-16T17:36:08.530    INFO:run_snow_swh.py::main:input file : /tmp/slurm-4444850/INPUT/SPOT5-HRG1-XS_20140814-100400-657_L1C_049-259-9_D_V1-0.zip
2024-01-16T17:36:08.531    INFO:run_snow_swh.py::main:dem directory : /work/CAMPUS/etudes/Neige/DEM
2024-01-16T17:36:08.531    INFO:run_snow_swh.py::main:tree cover density directory : /work/datalake/static_aux/TreeCoverDensity
2024-01-16T17:36:08.531    INFO:run_snow_swh.py::main:model directory : /work/CAMPUS/etudes/Neige/CoSIMS/zacharie/TIMESERIES_PROJECT/MODELS/TCD-CIRRUS-BLUE_AVG-1200
2024-01-16T17:36:08.531    INFO:run_snow_swh.py::main:model type : mtn
2024-01-16T17:36:08.531    INFO:run_snow_swh.py::main:keep merged bands : None
2024-01-16T17:36:08.531    INFO:run_snow_swh.py::main:mask inference : None
2024-01-16T17:36:08.531    INFO:run_snow_swh.py::main:no data buffer : 2000
2024-01-16T17:36:08.531    INFO:run_snow_swh.py::main:Launch snow detection.
Namespace(buffer=None, dem_dir='/work/CAMPUS/etudes/Neige/DEM', input_file='/tmp/slurm-4444850/INPUT/SPOT5-HRG1-XS_20140814-100400-657_L1C_049-259-9_D_V1-0.zip', job_dir='/tmp/slurm-4444850/OUTPUT', json_config_file=None, keep='0', log_level=None, mask='1', model_dir='/work/CAMPUS/etudes/Neige/CoSIMS/zacharie/TIMESERIES_PROJECT/MODELS/TCD-CIRRUS-BLUE_AVG-1200', model_type='mtn', output_dir='/work/CAMPUS/etudes/Neige/CoSIMS/zacharie/TIMESERIES_PROJECT/SWH_INFERENCE2/TCD-CIRRUS-BLUE_AVG-1200', tcd_dir='/work/datalake/static_aux/TreeCoverDensity')
DEVICE cpu
skipped existing inference for /work/CAMPUS/etudes/Neige/CoSIMS/zacharie/TIMESERIES_PROJECT/SWH_INFERENCE2/TCD-CIRRUS-BLUE_AVG-1200/ALP/SPOT5/2014/8/14/SPOT5-HRG1-XS_20140814-100400-657_L1C_049-259-9_C_V1-0/31TGK/FSC_20140814T100400_SPOT5_31TGK
muscate/SPOTWORLDHERITAGE/2014/08/14/SPOT5-HRG1-XS_20140814-100400-898_L1C_049-260-0_D_V1-0/SPOT5-HRG1-XS_20140814-100400-898_L1C_049-260-0_D_V1-0.zip
activate s3 conda env
start s2 script
get credentials
get s3filesystem
download
SPOT5-HRG1-XS_20140814-100400-898_L1C_049-260-0_D_V1-0.zip
/tmp/slurm-4444850/INPUT/SPOT5-HRG1-XS_20140814-100400-898_L1C_049-260-0_D_V1-0.zip
run script
2024-01-16T17:36:14.314    INFO:run_snow_swh.py::main:output directory : /work/CAMPUS/etudes/Neige/CoSIMS/zacharie/TIMESERIES_PROJECT/SWH_INFERENCE2/TCD-CIRRUS-BLUE_AVG-1200
2024-01-16T17:36:14.315    INFO:run_snow_swh.py::main:input file : /tmp/slurm-4444850/INPUT/SPOT5-HRG1-XS_20140814-100400-898_L1C_049-260-0_D_V1-0.zip
2024-01-16T17:36:14.315    INFO:run_snow_swh.py::main:dem directory : /work/CAMPUS/etudes/Neige/DEM
2024-01-16T17:36:14.315    INFO:run_snow_swh.py::main:tree cover density directory : /work/datalake/static_aux/TreeCoverDensity
2024-01-16T17:36:14.315    INFO:run_snow_swh.py::main:model directory : /work/CAMPUS/etudes/Neige/CoSIMS/zacharie/TIMESERIES_PROJECT/MODELS/TCD-CIRRUS-BLUE_AVG-1200
2024-01-16T17:36:14.315    INFO:run_snow_swh.py::main:model type : mtn
2024-01-16T17:36:14.316    INFO:run_snow_swh.py::main:keep merged bands : None
2024-01-16T17:36:14.316    INFO:run_snow_swh.py::main:mask inference : None
2024-01-16T17:36:14.316    INFO:run_snow_swh.py::main:no data buffer : 2000
2024-01-16T17:36:14.316    INFO:run_snow_swh.py::main:Launch snow detection.
Namespace(buffer=None, dem_dir='/work/CAMPUS/etudes/Neige/DEM', input_file='/tmp/slurm-4444850/INPUT/SPOT5-HRG1-XS_20140814-100400-898_L1C_049-260-0_D_V1-0.zip', job_dir='/tmp/slurm-4444850/OUTPUT', json_config_file=None, keep='0', log_level=None, mask='1', model_dir='/work/CAMPUS/etudes/Neige/CoSIMS/zacharie/TIMESERIES_PROJECT/MODELS/TCD-CIRRUS-BLUE_AVG-1200', model_type='mtn', output_dir='/work/CAMPUS/etudes/Neige/CoSIMS/zacharie/TIMESERIES_PROJECT/SWH_INFERENCE2/TCD-CIRRUS-BLUE_AVG-1200', tcd_dir='/work/datalake/static_aux/TreeCoverDensity')
DEVICE cpu
skipped existing inference for /work/CAMPUS/etudes/Neige/CoSIMS/zacharie/TIMESERIES_PROJECT/SWH_INFERENCE2/TCD-CIRRUS-BLUE_AVG-1200/ALP/SPOT5/2014/8/14/SPOT5-HRG1-XS_20140814-100400-898_L1C_049-260-0_C_V1-0/31TGK/FSC_20140814T100400_SPOT5_31TGK
muscate/SPOTWORLDHERITAGE/2014/08/14/SPOT5-HRG1-XS_20140814-100409-272_L1C_049-261-0_D_V1-0/SPOT5-HRG1-XS_20140814-100409-272_L1C_049-261-0_D_V1-0.zip
activate s3 conda env
start s2 script
get credentials
get s3filesystem
download
SPOT5-HRG1-XS_20140814-100409-272_L1C_049-261-0_D_V1-0.zip
/tmp/slurm-4444850/INPUT/SPOT5-HRG1-XS_20140814-100409-272_L1C_049-261-0_D_V1-0.zip
run script
2024-01-16T17:36:20.889    INFO:run_snow_swh.py::main:output directory : /work/CAMPUS/etudes/Neige/CoSIMS/zacharie/TIMESERIES_PROJECT/SWH_INFERENCE2/TCD-CIRRUS-BLUE_AVG-1200
2024-01-16T17:36:20.890    INFO:run_snow_swh.py::main:input file : /tmp/slurm-4444850/INPUT/SPOT5-HRG1-XS_20140814-100409-272_L1C_049-261-0_D_V1-0.zip
2024-01-16T17:36:20.890    INFO:run_snow_swh.py::main:dem directory : /work/CAMPUS/etudes/Neige/DEM
2024-01-16T17:36:20.890    INFO:run_snow_swh.py::main:tree cover density directory : /work/datalake/static_aux/TreeCoverDensity
2024-01-16T17:36:20.890    INFO:run_snow_swh.py::main:model directory : /work/CAMPUS/etudes/Neige/CoSIMS/zacharie/TIMESERIES_PROJECT/MODELS/TCD-CIRRUS-BLUE_AVG-1200
2024-01-16T17:36:20.890    INFO:run_snow_swh.py::main:model type : mtn
2024-01-16T17:36:20.890    INFO:run_snow_swh.py::main:keep merged bands : None
2024-01-16T17:36:20.890    INFO:run_snow_swh.py::main:mask inference : None
2024-01-16T17:36:20.890    INFO:run_snow_swh.py::main:no data buffer : 2000
2024-01-16T17:36:20.890    INFO:run_snow_swh.py::main:Launch snow detection.
Namespace(buffer=None, dem_dir='/work/CAMPUS/etudes/Neige/DEM', input_file='/tmp/slurm-4444850/INPUT/SPOT5-HRG1-XS_20140814-100409-272_L1C_049-261-0_D_V1-0.zip', job_dir='/tmp/slurm-4444850/OUTPUT', json_config_file=None, keep='0', log_level=None, mask='1', model_dir='/work/CAMPUS/etudes/Neige/CoSIMS/zacharie/TIMESERIES_PROJECT/MODELS/TCD-CIRRUS-BLUE_AVG-1200', model_type='mtn', output_dir='/work/CAMPUS/etudes/Neige/CoSIMS/zacharie/TIMESERIES_PROJECT/SWH_INFERENCE2/TCD-CIRRUS-BLUE_AVG-1200', tcd_dir='/work/datalake/static_aux/TreeCoverDensity')
DEVICE cpu
skipped existing inference for /work/CAMPUS/etudes/Neige/CoSIMS/zacharie/TIMESERIES_PROJECT/SWH_INFERENCE2/TCD-CIRRUS-BLUE_AVG-1200/ALP/SPOT5/2014/8/14/SPOT5-HRG1-XS_20140814-100409-272_L1C_049-261-0_C_V1-0/31TGJ/FSC_20140814T100409_SPOT5_31TGJ
skipped existing inference for /work/CAMPUS/etudes/Neige/CoSIMS/zacharie/TIMESERIES_PROJECT/SWH_INFERENCE2/TCD-CIRRUS-BLUE_AVG-1200/ALP/SPOT5/2014/8/14/SPOT5-HRG1-XS_20140814-100409-272_L1C_049-261-0_C_V1-0/31TGK/FSC_20140814T100409_SPOT5_31TGK
muscate/SPOTWORLDHERITAGE/2014/08/14/SPOT5-HRG1-XS_20140814-100410-187_L1C_049-261-1_D_V1-0/SPOT5-HRG1-XS_20140814-100410-187_L1C_049-261-1_D_V1-0.zip
activate s3 conda env
start s2 script
get credentials
get s3filesystem
download
SPOT5-HRG1-XS_20140814-100410-187_L1C_049-261-1_D_V1-0.zip
/tmp/slurm-4444850/INPUT/SPOT5-HRG1-XS_20140814-100410-187_L1C_049-261-1_D_V1-0.zip
run script
2024-01-16T17:36:26.980    INFO:run_snow_swh.py::main:output directory : /work/CAMPUS/etudes/Neige/CoSIMS/zacharie/TIMESERIES_PROJECT/SWH_INFERENCE2/TCD-CIRRUS-BLUE_AVG-1200
2024-01-16T17:36:26.982    INFO:run_snow_swh.py::main:input file : /tmp/slurm-4444850/INPUT/SPOT5-HRG1-XS_20140814-100410-187_L1C_049-261-1_D_V1-0.zip
2024-01-16T17:36:26.982    INFO:run_snow_swh.py::main:dem directory : /work/CAMPUS/etudes/Neige/DEM
2024-01-16T17:36:26.982    INFO:run_snow_swh.py::main:tree cover density directory : /work/datalake/static_aux/TreeCoverDensity
2024-01-16T17:36:26.982    INFO:run_snow_swh.py::main:model directory : /work/CAMPUS/etudes/Neige/CoSIMS/zacharie/TIMESERIES_PROJECT/MODELS/TCD-CIRRUS-BLUE_AVG-1200
2024-01-16T17:36:26.982    INFO:run_snow_swh.py::main:model type : mtn
2024-01-16T17:36:26.982    INFO:run_snow_swh.py::main:keep merged bands : None
2024-01-16T17:36:26.982    INFO:run_snow_swh.py::main:mask inference : None
2024-01-16T17:36:26.982    INFO:run_snow_swh.py::main:no data buffer : 2000
2024-01-16T17:36:26.982    INFO:run_snow_swh.py::main:Launch snow detection.
Namespace(buffer=None, dem_dir='/work/CAMPUS/etudes/Neige/DEM', input_file='/tmp/slurm-4444850/INPUT/SPOT5-HRG1-XS_20140814-100410-187_L1C_049-261-1_D_V1-0.zip', job_dir='/tmp/slurm-4444850/OUTPUT', json_config_file=None, keep='0', log_level=None, mask='1', model_dir='/work/CAMPUS/etudes/Neige/CoSIMS/zacharie/TIMESERIES_PROJECT/MODELS/TCD-CIRRUS-BLUE_AVG-1200', model_type='mtn', output_dir='/work/CAMPUS/etudes/Neige/CoSIMS/zacharie/TIMESERIES_PROJECT/SWH_INFERENCE2/TCD-CIRRUS-BLUE_AVG-1200', tcd_dir='/work/datalake/static_aux/TreeCoverDensity')
DEVICE cpu
skipped existing inference for /work/CAMPUS/etudes/Neige/CoSIMS/zacharie/TIMESERIES_PROJECT/SWH_INFERENCE2/TCD-CIRRUS-BLUE_AVG-1200/ALP/SPOT5/2014/8/14/SPOT5-HRG1-XS_20140814-100410-187_L1C_049-261-1_C_V1-0/31TGJ/FSC_20140814T100410_SPOT5_31TGJ
skipped existing inference for /work/CAMPUS/etudes/Neige/CoSIMS/zacharie/TIMESERIES_PROJECT/SWH_INFERENCE2/TCD-CIRRUS-BLUE_AVG-1200/ALP/SPOT5/2014/8/14/SPOT5-HRG1-XS_20140814-100410-187_L1C_049-261-1_C_V1-0/31TGK/FSC_20140814T100410_SPOT5_31TGK
muscate/SPOTWORLDHERITAGE/2014/10/21/SPOT5-HRG2-XS_20141021-095042-286_L1C_049-256-0_D_V1-0/SPOT5-HRG2-XS_20141021-095042-286_L1C_049-256-0_D_V1-0.zip
activate s3 conda env
start s2 script
get credentials
get s3filesystem
download
SPOT5-HRG2-XS_20141021-095042-286_L1C_049-256-0_D_V1-0.zip
/tmp/slurm-4444850/INPUT/SPOT5-HRG2-XS_20141021-095042-286_L1C_049-256-0_D_V1-0.zip
run script
2024-01-16T17:36:32.453    INFO:run_snow_swh.py::main:output directory : /work/CAMPUS/etudes/Neige/CoSIMS/zacharie/TIMESERIES_PROJECT/SWH_INFERENCE2/TCD-CIRRUS-BLUE_AVG-1200
2024-01-16T17:36:32.455    INFO:run_snow_swh.py::main:input file : /tmp/slurm-4444850/INPUT/SPOT5-HRG2-XS_20141021-095042-286_L1C_049-256-0_D_V1-0.zip
2024-01-16T17:36:32.455    INFO:run_snow_swh.py::main:dem directory : /work/CAMPUS/etudes/Neige/DEM
2024-01-16T17:36:32.455    INFO:run_snow_swh.py::main:tree cover density directory : /work/datalake/static_aux/TreeCoverDensity
2024-01-16T17:36:32.455    INFO:run_snow_swh.py::main:model directory : /work/CAMPUS/etudes/Neige/CoSIMS/zacharie/TIMESERIES_PROJECT/MODELS/TCD-CIRRUS-BLUE_AVG-1200
2024-01-16T17:36:32.455    INFO:run_snow_swh.py::main:model type : mtn
2024-01-16T17:36:32.455    INFO:run_snow_swh.py::main:keep merged bands : None
2024-01-16T17:36:32.455    INFO:run_snow_swh.py::main:mask inference : None
2024-01-16T17:36:32.455    INFO:run_snow_swh.py::main:no data buffer : 2000
2024-01-16T17:36:32.455    INFO:run_snow_swh.py::main:Launch snow detection.
Namespace(buffer=None, dem_dir='/work/CAMPUS/etudes/Neige/DEM', input_file='/tmp/slurm-4444850/INPUT/SPOT5-HRG2-XS_20141021-095042-286_L1C_049-256-0_D_V1-0.zip', job_dir='/tmp/slurm-4444850/OUTPUT', json_config_file=None, keep='0', log_level=None, mask='1', model_dir='/work/CAMPUS/etudes/Neige/CoSIMS/zacharie/TIMESERIES_PROJECT/MODELS/TCD-CIRRUS-BLUE_AVG-1200', model_type='mtn', output_dir='/work/CAMPUS/etudes/Neige/CoSIMS/zacharie/TIMESERIES_PROJECT/SWH_INFERENCE2/TCD-CIRRUS-BLUE_AVG-1200', tcd_dir='/work/datalake/static_aux/TreeCoverDensity')
DEVICE cpu
skipped existing inference for /work/CAMPUS/etudes/Neige/CoSIMS/zacharie/TIMESERIES_PROJECT/SWH_INFERENCE2/TCD-CIRRUS-BLUE_AVG-1200/ALP/SPOT5/2014/10/21/SPOT5-HRG2-XS_20141021-095042-286_L1C_049-256-0_C_V1-0/31TGM/FSC_20141021T095042_SPOT5_31TGM
skipped existing inference for /work/CAMPUS/etudes/Neige/CoSIMS/zacharie/TIMESERIES_PROJECT/SWH_INFERENCE2/TCD-CIRRUS-BLUE_AVG-1200/ALP/SPOT5/2014/10/21/SPOT5-HRG2-XS_20141021-095042-286_L1C_049-256-0_C_V1-0/32TLS/FSC_20141021T095042_SPOT5_32TLS
muscate/SPOTWORLDHERITAGE/2014/10/21/SPOT5-HRG2-XS_20141021-095050-612_L1C_049-257-0_D_V1-0/SPOT5-HRG2-XS_20141021-095050-612_L1C_049-257-0_D_V1-0.zip
activate s3 conda env
start s2 script
get credentials
get s3filesystem
download
SPOT5-HRG2-XS_20141021-095050-612_L1C_049-257-0_D_V1-0.zip
/tmp/slurm-4444850/INPUT/SPOT5-HRG2-XS_20141021-095050-612_L1C_049-257-0_D_V1-0.zip
run script
2024-01-16T17:36:38.294    INFO:run_snow_swh.py::main:output directory : /work/CAMPUS/etudes/Neige/CoSIMS/zacharie/TIMESERIES_PROJECT/SWH_INFERENCE2/TCD-CIRRUS-BLUE_AVG-1200
2024-01-16T17:36:38.295    INFO:run_snow_swh.py::main:input file : /tmp/slurm-4444850/INPUT/SPOT5-HRG2-XS_20141021-095050-612_L1C_049-257-0_D_V1-0.zip
2024-01-16T17:36:38.295    INFO:run_snow_swh.py::main:dem directory : /work/CAMPUS/etudes/Neige/DEM
2024-01-16T17:36:38.295    INFO:run_snow_swh.py::main:tree cover density directory : /work/datalake/static_aux/TreeCoverDensity
2024-01-16T17:36:38.295    INFO:run_snow_swh.py::main:model directory : /work/CAMPUS/etudes/Neige/CoSIMS/zacharie/TIMESERIES_PROJECT/MODELS/TCD-CIRRUS-BLUE_AVG-1200
2024-01-16T17:36:38.296    INFO:run_snow_swh.py::main:model type : mtn
2024-01-16T17:36:38.296    INFO:run_snow_swh.py::main:keep merged bands : None
2024-01-16T17:36:38.296    INFO:run_snow_swh.py::main:mask inference : None
2024-01-16T17:36:38.296    INFO:run_snow_swh.py::main:no data buffer : 2000
2024-01-16T17:36:38.296    INFO:run_snow_swh.py::main:Launch snow detection.
Namespace(buffer=None, dem_dir='/work/CAMPUS/etudes/Neige/DEM', input_file='/tmp/slurm-4444850/INPUT/SPOT5-HRG2-XS_20141021-095050-612_L1C_049-257-0_D_V1-0.zip', job_dir='/tmp/slurm-4444850/OUTPUT', json_config_file=None, keep='0', log_level=None, mask='1', model_dir='/work/CAMPUS/etudes/Neige/CoSIMS/zacharie/TIMESERIES_PROJECT/MODELS/TCD-CIRRUS-BLUE_AVG-1200', model_type='mtn', output_dir='/work/CAMPUS/etudes/Neige/CoSIMS/zacharie/TIMESERIES_PROJECT/SWH_INFERENCE2/TCD-CIRRUS-BLUE_AVG-1200', tcd_dir='/work/datalake/static_aux/TreeCoverDensity')
DEVICE cpu
skipped existing inference for /work/CAMPUS/etudes/Neige/CoSIMS/zacharie/TIMESERIES_PROJECT/SWH_INFERENCE2/TCD-CIRRUS-BLUE_AVG-1200/ALP/SPOT5/2014/10/21/SPOT5-HRG2-XS_20141021-095050-612_L1C_049-257-0_C_V1-0/31TGL/FSC_20141021T095050_SPOT5_31TGL
skipped existing inference for /work/CAMPUS/etudes/Neige/CoSIMS/zacharie/TIMESERIES_PROJECT/SWH_INFERENCE2/TCD-CIRRUS-BLUE_AVG-1200/ALP/SPOT5/2014/10/21/SPOT5-HRG2-XS_20141021-095050-612_L1C_049-257-0_C_V1-0/31TGM/FSC_20141021T095050_SPOT5_31TGM
muscate/SPOTWORLDHERITAGE/2014/06/23/SPOT5-HRG1-XS_20140623-100730-044_L1C_049-257-9_D_V1-0/SPOT5-HRG1-XS_20140623-100730-044_L1C_049-257-9_D_V1-0.zip
activate s3 conda env
start s2 script
get credentials
get s3filesystem
download
SPOT5-HRG1-XS_20140623-100730-044_L1C_049-257-9_D_V1-0.zip
/tmp/slurm-4444850/INPUT/SPOT5-HRG1-XS_20140623-100730-044_L1C_049-257-9_D_V1-0.zip
run script
2024-01-16T17:36:44.068    INFO:run_snow_swh.py::main:output directory : /work/CAMPUS/etudes/Neige/CoSIMS/zacharie/TIMESERIES_PROJECT/SWH_INFERENCE2/TCD-CIRRUS-BLUE_AVG-1200
2024-01-16T17:36:44.069    INFO:run_snow_swh.py::main:input file : /tmp/slurm-4444850/INPUT/SPOT5-HRG1-XS_20140623-100730-044_L1C_049-257-9_D_V1-0.zip
2024-01-16T17:36:44.069    INFO:run_snow_swh.py::main:dem directory : /work/CAMPUS/etudes/Neige/DEM
2024-01-16T17:36:44.069    INFO:run_snow_swh.py::main:tree cover density directory : /work/datalake/static_aux/TreeCoverDensity
2024-01-16T17:36:44.069    INFO:run_snow_swh.py::main:model directory : /work/CAMPUS/etudes/Neige/CoSIMS/zacharie/TIMESERIES_PROJECT/MODELS/TCD-CIRRUS-BLUE_AVG-1200
2024-01-16T17:36:44.069    INFO:run_snow_swh.py::main:model type : mtn
2024-01-16T17:36:44.070    INFO:run_snow_swh.py::main:keep merged bands : None
2024-01-16T17:36:44.070    INFO:run_snow_swh.py::main:mask inference : None
2024-01-16T17:36:44.070    INFO:run_snow_swh.py::main:no data buffer : 2000
2024-01-16T17:36:44.070    INFO:run_snow_swh.py::main:Launch snow detection.
Namespace(buffer=None, dem_dir='/work/CAMPUS/etudes/Neige/DEM', input_file='/tmp/slurm-4444850/INPUT/SPOT5-HRG1-XS_20140623-100730-044_L1C_049-257-9_D_V1-0.zip', job_dir='/tmp/slurm-4444850/OUTPUT', json_config_file=None, keep='0', log_level=None, mask='1', model_dir='/work/CAMPUS/etudes/Neige/CoSIMS/zacharie/TIMESERIES_PROJECT/MODELS/TCD-CIRRUS-BLUE_AVG-1200', model_type='mtn', output_dir='/work/CAMPUS/etudes/Neige/CoSIMS/zacharie/TIMESERIES_PROJECT/SWH_INFERENCE2/TCD-CIRRUS-BLUE_AVG-1200', tcd_dir='/work/datalake/static_aux/TreeCoverDensity')
DEVICE cpu
skipped existing inference for /work/CAMPUS/etudes/Neige/CoSIMS/zacharie/TIMESERIES_PROJECT/SWH_INFERENCE2/TCD-CIRRUS-BLUE_AVG-1200/ALP/SPOT5/2014/6/23/SPOT5-HRG1-XS_20140623-100730-044_L1C_049-257-9_C_V1-0/31TGL/FSC_20140623T100730_SPOT5_31TGL
skipped existing inference for /work/CAMPUS/etudes/Neige/CoSIMS/zacharie/TIMESERIES_PROJECT/SWH_INFERENCE2/TCD-CIRRUS-BLUE_AVG-1200/ALP/SPOT5/2014/6/23/SPOT5-HRG1-XS_20140623-100730-044_L1C_049-257-9_C_V1-0/31TGM/FSC_20140623T100730_SPOT5_31TGM
muscate/SPOTWORLDHERITAGE/2014/06/23/SPOT5-HRG1-XS_20140623-100730-284_L1C_049-258-0_D_V1-0/SPOT5-HRG1-XS_20140623-100730-284_L1C_049-258-0_D_V1-0.zip
activate s3 conda env
start s2 script
get credentials
get s3filesystem
download
SPOT5-HRG1-XS_20140623-100730-284_L1C_049-258-0_D_V1-0.zip
/tmp/slurm-4444850/INPUT/SPOT5-HRG1-XS_20140623-100730-284_L1C_049-258-0_D_V1-0.zip
run script
2024-01-16T17:36:49.759    INFO:run_snow_swh.py::main:output directory : /work/CAMPUS/etudes/Neige/CoSIMS/zacharie/TIMESERIES_PROJECT/SWH_INFERENCE2/TCD-CIRRUS-BLUE_AVG-1200
2024-01-16T17:36:49.760    INFO:run_snow_swh.py::main:input file : /tmp/slurm-4444850/INPUT/SPOT5-HRG1-XS_20140623-100730-284_L1C_049-258-0_D_V1-0.zip
2024-01-16T17:36:49.760    INFO:run_snow_swh.py::main:dem directory : /work/CAMPUS/etudes/Neige/DEM
2024-01-16T17:36:49.760    INFO:run_snow_swh.py::main:tree cover density directory : /work/datalake/static_aux/TreeCoverDensity
2024-01-16T17:36:49.761    INFO:run_snow_swh.py::main:model directory : /work/CAMPUS/etudes/Neige/CoSIMS/zacharie/TIMESERIES_PROJECT/MODELS/TCD-CIRRUS-BLUE_AVG-1200
2024-01-16T17:36:49.761    INFO:run_snow_swh.py::main:model type : mtn
2024-01-16T17:36:49.761    INFO:run_snow_swh.py::main:keep merged bands : None
2024-01-16T17:36:49.761    INFO:run_snow_swh.py::main:mask inference : None
2024-01-16T17:36:49.761    INFO:run_snow_swh.py::main:no data buffer : 2000
2024-01-16T17:36:49.761    INFO:run_snow_swh.py::main:Launch snow detection.
0...10...20...30...40...50...60...70...80...90...100 - done.
0...10...20...30...40...50...60...70...80...90...100 - done.
/work/scratch/env/barrouz/conda_env/pl_lightning/lib/python3.8/site-packages/torchvision/io/image.py:13: UserWarning: Failed to load image Python extension: /work/scratch/env/barrouz/conda_env/pl_lightning/lib/python3.8/site-packages/torchvision/image.so: undefined symbol: _ZN5torch3jit17parseSchemaOrNameERKSs
  warn(f"Failed to load image Python extension: {e}")
2024-01-16T17:36:54.025    ERROR:run_snow_swh.py::main:Calculated padded input size per channel: (2 x 338). Kernel size: (3 x 3). Kernel size can't be greater than actual input size
Namespace(buffer=None, dem_dir='/work/CAMPUS/etudes/Neige/DEM', input_file='/tmp/slurm-4444850/INPUT/SPOT5-HRG1-XS_20140623-100730-284_L1C_049-258-0_D_V1-0.zip', job_dir='/tmp/slurm-4444850/OUTPUT', json_config_file=None, keep='0', log_level=None, mask='1', model_dir='/work/CAMPUS/etudes/Neige/CoSIMS/zacharie/TIMESERIES_PROJECT/MODELS/TCD-CIRRUS-BLUE_AVG-1200', model_type='mtn', output_dir='/work/CAMPUS/etudes/Neige/CoSIMS/zacharie/TIMESERIES_PROJECT/SWH_INFERENCE2/TCD-CIRRUS-BLUE_AVG-1200', tcd_dir='/work/datalake/static_aux/TreeCoverDensity')
DEVICE cpu
skipped existing inference for /work/CAMPUS/etudes/Neige/CoSIMS/zacharie/TIMESERIES_PROJECT/SWH_INFERENCE2/TCD-CIRRUS-BLUE_AVG-1200/ALP/SPOT5/2014/6/23/SPOT5-HRG1-XS_20140623-100730-284_L1C_049-258-0_C_V1-0/31TGL/FSC_20140623T100730_SPOT5_31TGL
TOTO
muscate/SPOTWORLDHERITAGE/2014/06/23/SPOT5-HRG1-XS_20140623-100738-659_L1C_049-259-0_D_V1-0/SPOT5-HRG1-XS_20140623-100738-659_L1C_049-259-0_D_V1-0.zip
activate s3 conda env
start s2 script
get credentials
get s3filesystem
download
SPOT5-HRG1-XS_20140623-100738-659_L1C_049-259-0_D_V1-0.zip
/tmp/slurm-4444850/INPUT/SPOT5-HRG1-XS_20140623-100738-659_L1C_049-259-0_D_V1-0.zip
run script
2024-01-16T17:37:00.074    INFO:run_snow_swh.py::main:output directory : /work/CAMPUS/etudes/Neige/CoSIMS/zacharie/TIMESERIES_PROJECT/SWH_INFERENCE2/TCD-CIRRUS-BLUE_AVG-1200
2024-01-16T17:37:00.075    INFO:run_snow_swh.py::main:input file : /tmp/slurm-4444850/INPUT/SPOT5-HRG1-XS_20140623-100738-659_L1C_049-259-0_D_V1-0.zip
2024-01-16T17:37:00.076    INFO:run_snow_swh.py::main:dem directory : /work/CAMPUS/etudes/Neige/DEM
2024-01-16T17:37:00.076    INFO:run_snow_swh.py::main:tree cover density directory : /work/datalake/static_aux/TreeCoverDensity
2024-01-16T17:37:00.076    INFO:run_snow_swh.py::main:model directory : /work/CAMPUS/etudes/Neige/CoSIMS/zacharie/TIMESERIES_PROJECT/MODELS/TCD-CIRRUS-BLUE_AVG-1200
2024-01-16T17:37:00.076    INFO:run_snow_swh.py::main:model type : mtn
2024-01-16T17:37:00.076    INFO:run_snow_swh.py::main:keep merged bands : None
2024-01-16T17:37:00.076    INFO:run_snow_swh.py::main:mask inference : None
2024-01-16T17:37:00.076    INFO:run_snow_swh.py::main:no data buffer : 2000
2024-01-16T17:37:00.076    INFO:run_snow_swh.py::main:Launch snow detection.
Namespace(buffer=None, dem_dir='/work/CAMPUS/etudes/Neige/DEM', input_file='/tmp/slurm-4444850/INPUT/SPOT5-HRG1-XS_20140623-100738-659_L1C_049-259-0_D_V1-0.zip', job_dir='/tmp/slurm-4444850/OUTPUT', json_config_file=None, keep='0', log_level=None, mask='1', model_dir='/work/CAMPUS/etudes/Neige/CoSIMS/zacharie/TIMESERIES_PROJECT/MODELS/TCD-CIRRUS-BLUE_AVG-1200', model_type='mtn', output_dir='/work/CAMPUS/etudes/Neige/CoSIMS/zacharie/TIMESERIES_PROJECT/SWH_INFERENCE2/TCD-CIRRUS-BLUE_AVG-1200', tcd_dir='/work/datalake/static_aux/TreeCoverDensity')
DEVICE cpu
skipped existing inference for /work/CAMPUS/etudes/Neige/CoSIMS/zacharie/TIMESERIES_PROJECT/SWH_INFERENCE2/TCD-CIRRUS-BLUE_AVG-1200/ALP/SPOT5/2014/6/23/SPOT5-HRG1-XS_20140623-100738-659_L1C_049-259-0_C_V1-0/31TGK/FSC_20140623T100738_SPOT5_31TGK
skipped existing inference for /work/CAMPUS/etudes/Neige/CoSIMS/zacharie/TIMESERIES_PROJECT/SWH_INFERENCE2/TCD-CIRRUS-BLUE_AVG-1200/ALP/SPOT5/2014/6/23/SPOT5-HRG1-XS_20140623-100738-659_L1C_049-259-0_C_V1-0/31TGL/FSC_20140623T100738_SPOT5_31TGL
muscate/SPOTWORLDHERITAGE/2014/06/23/SPOT5-HRG1-XS_20140623-100747-033_L1C_049-260-0_D_V1-0/SPOT5-HRG1-XS_20140623-100747-033_L1C_049-260-0_D_V1-0.zip
activate s3 conda env
start s2 script
get credentials
get s3filesystem
download
SPOT5-HRG1-XS_20140623-100747-033_L1C_049-260-0_D_V1-0.zip
/tmp/slurm-4444850/INPUT/SPOT5-HRG1-XS_20140623-100747-033_L1C_049-260-0_D_V1-0.zip
run script
2024-01-16T17:37:06.570    INFO:run_snow_swh.py::main:output directory : /work/CAMPUS/etudes/Neige/CoSIMS/zacharie/TIMESERIES_PROJECT/SWH_INFERENCE2/TCD-CIRRUS-BLUE_AVG-1200
2024-01-16T17:37:06.571    INFO:run_snow_swh.py::main:input file : /tmp/slurm-4444850/INPUT/SPOT5-HRG1-XS_20140623-100747-033_L1C_049-260-0_D_V1-0.zip
2024-01-16T17:37:06.572    INFO:run_snow_swh.py::main:dem directory : /work/CAMPUS/etudes/Neige/DEM
2024-01-16T17:37:06.572    INFO:run_snow_swh.py::main:tree cover density directory : /work/datalake/static_aux/TreeCoverDensity
2024-01-16T17:37:06.572    INFO:run_snow_swh.py::main:model directory : /work/CAMPUS/etudes/Neige/CoSIMS/zacharie/TIMESERIES_PROJECT/MODELS/TCD-CIRRUS-BLUE_AVG-1200
2024-01-16T17:37:06.572    INFO:run_snow_swh.py::main:model type : mtn
2024-01-16T17:37:06.572    INFO:run_snow_swh.py::main:keep merged bands : None
2024-01-16T17:37:06.572    INFO:run_snow_swh.py::main:mask inference : None
2024-01-16T17:37:06.572    INFO:run_snow_swh.py::main:no data buffer : 2000
2024-01-16T17:37:06.572    INFO:run_snow_swh.py::main:Launch snow detection.
Namespace(buffer=None, dem_dir='/work/CAMPUS/etudes/Neige/DEM', input_file='/tmp/slurm-4444850/INPUT/SPOT5-HRG1-XS_20140623-100747-033_L1C_049-260-0_D_V1-0.zip', job_dir='/tmp/slurm-4444850/OUTPUT', json_config_file=None, keep='0', log_level=None, mask='1', model_dir='/work/CAMPUS/etudes/Neige/CoSIMS/zacharie/TIMESERIES_PROJECT/MODELS/TCD-CIRRUS-BLUE_AVG-1200', model_type='mtn', output_dir='/work/CAMPUS/etudes/Neige/CoSIMS/zacharie/TIMESERIES_PROJECT/SWH_INFERENCE2/TCD-CIRRUS-BLUE_AVG-1200', tcd_dir='/work/datalake/static_aux/TreeCoverDensity')
DEVICE cpu
skipped existing inference for /work/CAMPUS/etudes/Neige/CoSIMS/zacharie/TIMESERIES_PROJECT/SWH_INFERENCE2/TCD-CIRRUS-BLUE_AVG-1200/ALP/SPOT5/2014/6/23/SPOT5-HRG1-XS_20140623-100747-033_L1C_049-260-0_C_V1-0/31TGK/FSC_20140623T100747_SPOT5_31TGK
muscate/SPOTWORLDHERITAGE/2014/06/23/SPOT5-HRG1-XS_20140623-100755-407_L1C_049-261-0_D_V1-0/SPOT5-HRG1-XS_20140623-100755-407_L1C_049-261-0_D_V1-0.zip
activate s3 conda env
start s2 script
get credentials
get s3filesystem
download
SPOT5-HRG1-XS_20140623-100755-407_L1C_049-261-0_D_V1-0.zip
/tmp/slurm-4444850/INPUT/SPOT5-HRG1-XS_20140623-100755-407_L1C_049-261-0_D_V1-0.zip
run script
2024-01-16T17:37:13.238    INFO:run_snow_swh.py::main:output directory : /work/CAMPUS/etudes/Neige/CoSIMS/zacharie/TIMESERIES_PROJECT/SWH_INFERENCE2/TCD-CIRRUS-BLUE_AVG-1200
2024-01-16T17:37:13.239    INFO:run_snow_swh.py::main:input file : /tmp/slurm-4444850/INPUT/SPOT5-HRG1-XS_20140623-100755-407_L1C_049-261-0_D_V1-0.zip
2024-01-16T17:37:13.239    INFO:run_snow_swh.py::main:dem directory : /work/CAMPUS/etudes/Neige/DEM
2024-01-16T17:37:13.239    INFO:run_snow_swh.py::main:tree cover density directory : /work/datalake/static_aux/TreeCoverDensity
2024-01-16T17:37:13.239    INFO:run_snow_swh.py::main:model directory : /work/CAMPUS/etudes/Neige/CoSIMS/zacharie/TIMESERIES_PROJECT/MODELS/TCD-CIRRUS-BLUE_AVG-1200
2024-01-16T17:37:13.239    INFO:run_snow_swh.py::main:model type : mtn
2024-01-16T17:37:13.239    INFO:run_snow_swh.py::main:keep merged bands : None
2024-01-16T17:37:13.240    INFO:run_snow_swh.py::main:mask inference : None
2024-01-16T17:37:13.240    INFO:run_snow_swh.py::main:no data buffer : 2000
2024-01-16T17:37:13.240    INFO:run_snow_swh.py::main:Launch snow detection.
Namespace(buffer=None, dem_dir='/work/CAMPUS/etudes/Neige/DEM', input_file='/tmp/slurm-4444850/INPUT/SPOT5-HRG1-XS_20140623-100755-407_L1C_049-261-0_D_V1-0.zip', job_dir='/tmp/slurm-4444850/OUTPUT', json_config_file=None, keep='0', log_level=None, mask='1', model_dir='/work/CAMPUS/etudes/Neige/CoSIMS/zacharie/TIMESERIES_PROJECT/MODELS/TCD-CIRRUS-BLUE_AVG-1200', model_type='mtn', output_dir='/work/CAMPUS/etudes/Neige/CoSIMS/zacharie/TIMESERIES_PROJECT/SWH_INFERENCE2/TCD-CIRRUS-BLUE_AVG-1200', tcd_dir='/work/datalake/static_aux/TreeCoverDensity')
DEVICE cpu
skipped existing inference for /work/CAMPUS/etudes/Neige/CoSIMS/zacharie/TIMESERIES_PROJECT/SWH_INFERENCE2/TCD-CIRRUS-BLUE_AVG-1200/ALP/SPOT5/2014/6/23/SPOT5-HRG1-XS_20140623-100755-407_L1C_049-261-0_C_V1-0/31TGJ/FSC_20140623T100755_SPOT5_31TGJ
skipped existing inference for /work/CAMPUS/etudes/Neige/CoSIMS/zacharie/TIMESERIES_PROJECT/SWH_INFERENCE2/TCD-CIRRUS-BLUE_AVG-1200/ALP/SPOT5/2014/6/23/SPOT5-HRG1-XS_20140623-100755-407_L1C_049-261-0_C_V1-0/31TGK/FSC_20140623T100755_SPOT5_31TGK
muscate/SPOTWORLDHERITAGE/2014/06/23/SPOT5-HRG1-XS_20140623-100803-805_L1C_049-262-0_D_V1-0/SPOT5-HRG1-XS_20140623-100803-805_L1C_049-262-0_D_V1-0.zip
activate s3 conda env
start s2 script
get credentials
get s3filesystem
download
SPOT5-HRG1-XS_20140623-100803-805_L1C_049-262-0_D_V1-0.zip
/tmp/slurm-4444850/INPUT/SPOT5-HRG1-XS_20140623-100803-805_L1C_049-262-0_D_V1-0.zip
run script
2024-01-16T17:37:21.367    INFO:run_snow_swh.py::main:output directory : /work/CAMPUS/etudes/Neige/CoSIMS/zacharie/TIMESERIES_PROJECT/SWH_INFERENCE2/TCD-CIRRUS-BLUE_AVG-1200
2024-01-16T17:37:21.368    INFO:run_snow_swh.py::main:input file : /tmp/slurm-4444850/INPUT/SPOT5-HRG1-XS_20140623-100803-805_L1C_049-262-0_D_V1-0.zip
2024-01-16T17:37:21.368    INFO:run_snow_swh.py::main:dem directory : /work/CAMPUS/etudes/Neige/DEM
2024-01-16T17:37:21.368    INFO:run_snow_swh.py::main:tree cover density directory : /work/datalake/static_aux/TreeCoverDensity
2024-01-16T17:37:21.368    INFO:run_snow_swh.py::main:model directory : /work/CAMPUS/etudes/Neige/CoSIMS/zacharie/TIMESERIES_PROJECT/MODELS/TCD-CIRRUS-BLUE_AVG-1200
2024-01-16T17:37:21.368    INFO:run_snow_swh.py::main:model type : mtn
2024-01-16T17:37:21.369    INFO:run_snow_swh.py::main:keep merged bands : None
2024-01-16T17:37:21.369    INFO:run_snow_swh.py::main:mask inference : None
2024-01-16T17:37:21.369    INFO:run_snow_swh.py::main:no data buffer : 2000
2024-01-16T17:37:21.369    INFO:run_snow_swh.py::main:Launch snow detection.
Namespace(buffer=None, dem_dir='/work/CAMPUS/etudes/Neige/DEM', input_file='/tmp/slurm-4444850/INPUT/SPOT5-HRG1-XS_20140623-100803-805_L1C_049-262-0_D_V1-0.zip', job_dir='/tmp/slurm-4444850/OUTPUT', json_config_file=None, keep='0', log_level=None, mask='1', model_dir='/work/CAMPUS/etudes/Neige/CoSIMS/zacharie/TIMESERIES_PROJECT/MODELS/TCD-CIRRUS-BLUE_AVG-1200', model_type='mtn', output_dir='/work/CAMPUS/etudes/Neige/CoSIMS/zacharie/TIMESERIES_PROJECT/SWH_INFERENCE2/TCD-CIRRUS-BLUE_AVG-1200', tcd_dir='/work/datalake/static_aux/TreeCoverDensity')
DEVICE cpu
INPUT SWH SCENE DOES NOT OVERLAP ANY S2 TILE WITH AVAILABLE MODEL
muscate/SPOTWORLDHERITAGE/2014/06/23/SPOT5-HRG2-XS_20140623-100736-376_L1C_051-259-0_D_V1-0/SPOT5-HRG2-XS_20140623-100736-376_L1C_051-259-0_D_V1-0.zip
activate s3 conda env
start s2 script
get credentials
get s3filesystem
download
SPOT5-HRG2-XS_20140623-100736-376_L1C_051-259-0_D_V1-0.zip
/tmp/slurm-4444850/INPUT/SPOT5-HRG2-XS_20140623-100736-376_L1C_051-259-0_D_V1-0.zip
run script
2024-01-16T17:37:27.088    INFO:run_snow_swh.py::main:output directory : /work/CAMPUS/etudes/Neige/CoSIMS/zacharie/TIMESERIES_PROJECT/SWH_INFERENCE2/TCD-CIRRUS-BLUE_AVG-1200
2024-01-16T17:37:27.089    INFO:run_snow_swh.py::main:input file : /tmp/slurm-4444850/INPUT/SPOT5-HRG2-XS_20140623-100736-376_L1C_051-259-0_D_V1-0.zip
2024-01-16T17:37:27.089    INFO:run_snow_swh.py::main:dem directory : /work/CAMPUS/etudes/Neige/DEM
2024-01-16T17:37:27.089    INFO:run_snow_swh.py::main:tree cover density directory : /work/datalake/static_aux/TreeCoverDensity
2024-01-16T17:37:27.090    INFO:run_snow_swh.py::main:model directory : /work/CAMPUS/etudes/Neige/CoSIMS/zacharie/TIMESERIES_PROJECT/MODELS/TCD-CIRRUS-BLUE_AVG-1200
2024-01-16T17:37:27.090    INFO:run_snow_swh.py::main:model type : mtn
2024-01-16T17:37:27.090    INFO:run_snow_swh.py::main:keep merged bands : None
2024-01-16T17:37:27.090    INFO:run_snow_swh.py::main:mask inference : None
2024-01-16T17:37:27.090    INFO:run_snow_swh.py::main:no data buffer : 2000
2024-01-16T17:37:27.090    INFO:run_snow_swh.py::main:Launch snow detection.
Namespace(buffer=None, dem_dir='/work/CAMPUS/etudes/Neige/DEM', input_file='/tmp/slurm-4444850/INPUT/SPOT5-HRG2-XS_20140623-100736-376_L1C_051-259-0_D_V1-0.zip', job_dir='/tmp/slurm-4444850/OUTPUT', json_config_file=None, keep='0', log_level=None, mask='1', model_dir='/work/CAMPUS/etudes/Neige/CoSIMS/zacharie/TIMESERIES_PROJECT/MODELS/TCD-CIRRUS-BLUE_AVG-1200', model_type='mtn', output_dir='/work/CAMPUS/etudes/Neige/CoSIMS/zacharie/TIMESERIES_PROJECT/SWH_INFERENCE2/TCD-CIRRUS-BLUE_AVG-1200', tcd_dir='/work/datalake/static_aux/TreeCoverDensity')
DEVICE cpu
skipped existing inference for /work/CAMPUS/etudes/Neige/CoSIMS/zacharie/TIMESERIES_PROJECT/SWH_INFERENCE2/TCD-CIRRUS-BLUE_AVG-1200/ALP/SPOT5/2014/6/23/SPOT5-HRG2-XS_20140623-100736-376_L1C_051-259-0_C_V1-0/31TGK/FSC_20140623T100736_SPOT5_31TGK
skipped existing inference for /work/CAMPUS/etudes/Neige/CoSIMS/zacharie/TIMESERIES_PROJECT/SWH_INFERENCE2/TCD-CIRRUS-BLUE_AVG-1200/ALP/SPOT5/2014/6/23/SPOT5-HRG2-XS_20140623-100736-376_L1C_051-259-0_C_V1-0/31TGL/FSC_20140623T100736_SPOT5_31TGL
skipped existing inference for /work/CAMPUS/etudes/Neige/CoSIMS/zacharie/TIMESERIES_PROJECT/SWH_INFERENCE2/TCD-CIRRUS-BLUE_AVG-1200/ALP/SPOT5/2014/6/23/SPOT5-HRG2-XS_20140623-100736-376_L1C_051-259-0_C_V1-0/32TLQ/FSC_20140623T100736_SPOT5_32TLQ
skipped existing inference for /work/CAMPUS/etudes/Neige/CoSIMS/zacharie/TIMESERIES_PROJECT/SWH_INFERENCE2/TCD-CIRRUS-BLUE_AVG-1200/ALP/SPOT5/2014/6/23/SPOT5-HRG2-XS_20140623-100736-376_L1C_051-259-0_C_V1-0/32TLR/FSC_20140623T100736_SPOT5_32TLR
muscate/SPOTWORLDHERITAGE/2014/08/25/SPOT5-HRG1-XS_20140825-095130-795_L1C_049-258-9_D_V1-0/SPOT5-HRG1-XS_20140825-095130-795_L1C_049-258-9_D_V1-0.zip
activate s3 conda env
start s2 script
get credentials
get s3filesystem
download
SPOT5-HRG1-XS_20140825-095130-795_L1C_049-258-9_D_V1-0.zip
/tmp/slurm-4444850/INPUT/SPOT5-HRG1-XS_20140825-095130-795_L1C_049-258-9_D_V1-0.zip
run script
2024-01-16T17:37:31.923    INFO:run_snow_swh.py::main:output directory : /work/CAMPUS/etudes/Neige/CoSIMS/zacharie/TIMESERIES_PROJECT/SWH_INFERENCE2/TCD-CIRRUS-BLUE_AVG-1200
2024-01-16T17:37:31.924    INFO:run_snow_swh.py::main:input file : /tmp/slurm-4444850/INPUT/SPOT5-HRG1-XS_20140825-095130-795_L1C_049-258-9_D_V1-0.zip
2024-01-16T17:37:31.924    INFO:run_snow_swh.py::main:dem directory : /work/CAMPUS/etudes/Neige/DEM
2024-01-16T17:37:31.924    INFO:run_snow_swh.py::main:tree cover density directory : /work/datalake/static_aux/TreeCoverDensity
2024-01-16T17:37:31.924    INFO:run_snow_swh.py::main:model directory : /work/CAMPUS/etudes/Neige/CoSIMS/zacharie/TIMESERIES_PROJECT/MODELS/TCD-CIRRUS-BLUE_AVG-1200
2024-01-16T17:37:31.925    INFO:run_snow_swh.py::main:model type : mtn
2024-01-16T17:37:31.925    INFO:run_snow_swh.py::main:keep merged bands : None
2024-01-16T17:37:31.925    INFO:run_snow_swh.py::main:mask inference : None
2024-01-16T17:37:31.925    INFO:run_snow_swh.py::main:no data buffer : 2000
2024-01-16T17:37:31.925    INFO:run_snow_swh.py::main:Launch snow detection.
Namespace(buffer=None, dem_dir='/work/CAMPUS/etudes/Neige/DEM', input_file='/tmp/slurm-4444850/INPUT/SPOT5-HRG1-XS_20140825-095130-795_L1C_049-258-9_D_V1-0.zip', job_dir='/tmp/slurm-4444850/OUTPUT', json_config_file=None, keep='0', log_level=None, mask='1', model_dir='/work/CAMPUS/etudes/Neige/CoSIMS/zacharie/TIMESERIES_PROJECT/MODELS/TCD-CIRRUS-BLUE_AVG-1200', model_type='mtn', output_dir='/work/CAMPUS/etudes/Neige/CoSIMS/zacharie/TIMESERIES_PROJECT/SWH_INFERENCE2/TCD-CIRRUS-BLUE_AVG-1200', tcd_dir='/work/datalake/static_aux/TreeCoverDensity')
DEVICE cpu
skipped existing inference for /work/CAMPUS/etudes/Neige/CoSIMS/zacharie/TIMESERIES_PROJECT/SWH_INFERENCE2/TCD-CIRRUS-BLUE_AVG-1200/ALP/SPOT5/2014/8/25/SPOT5-HRG1-XS_20140825-095130-795_L1C_049-258-9_C_V1-0/31TGK/FSC_20140825T095130_SPOT5_31TGK
skipped existing inference for /work/CAMPUS/etudes/Neige/CoSIMS/zacharie/TIMESERIES_PROJECT/SWH_INFERENCE2/TCD-CIRRUS-BLUE_AVG-1200/ALP/SPOT5/2014/8/25/SPOT5-HRG1-XS_20140825-095130-795_L1C_049-258-9_C_V1-0/31TGL/FSC_20140825T095130_SPOT5_31TGL
muscate/SPOTWORLDHERITAGE/2014/08/25/SPOT5-HRG1-XS_20140825-095139-290_L1C_049-260-0_D_V1-0/SPOT5-HRG1-XS_20140825-095139-290_L1C_049-260-0_D_V1-0.zip
activate s3 conda env
start s2 script
get credentials
get s3filesystem
download
SPOT5-HRG1-XS_20140825-095139-290_L1C_049-260-0_D_V1-0.zip
/tmp/slurm-4444850/INPUT/SPOT5-HRG1-XS_20140825-095139-290_L1C_049-260-0_D_V1-0.zip
run script
2024-01-16T17:37:36.685    INFO:run_snow_swh.py::main:output directory : /work/CAMPUS/etudes/Neige/CoSIMS/zacharie/TIMESERIES_PROJECT/SWH_INFERENCE2/TCD-CIRRUS-BLUE_AVG-1200
2024-01-16T17:37:36.686    INFO:run_snow_swh.py::main:input file : /tmp/slurm-4444850/INPUT/SPOT5-HRG1-XS_20140825-095139-290_L1C_049-260-0_D_V1-0.zip
2024-01-16T17:37:36.686    INFO:run_snow_swh.py::main:dem directory : /work/CAMPUS/etudes/Neige/DEM
2024-01-16T17:37:36.686    INFO:run_snow_swh.py::main:tree cover density directory : /work/datalake/static_aux/TreeCoverDensity
2024-01-16T17:37:36.687    INFO:run_snow_swh.py::main:model directory : /work/CAMPUS/etudes/Neige/CoSIMS/zacharie/TIMESERIES_PROJECT/MODELS/TCD-CIRRUS-BLUE_AVG-1200
2024-01-16T17:37:36.687    INFO:run_snow_swh.py::main:model type : mtn
2024-01-16T17:37:36.687    INFO:run_snow_swh.py::main:keep merged bands : None
2024-01-16T17:37:36.687    INFO:run_snow_swh.py::main:mask inference : None
2024-01-16T17:37:36.687    INFO:run_snow_swh.py::main:no data buffer : 2000
2024-01-16T17:37:36.687    INFO:run_snow_swh.py::main:Launch snow detection.
Namespace(buffer=None, dem_dir='/work/CAMPUS/etudes/Neige/DEM', input_file='/tmp/slurm-4444850/INPUT/SPOT5-HRG1-XS_20140825-095139-290_L1C_049-260-0_D_V1-0.zip', job_dir='/tmp/slurm-4444850/OUTPUT', json_config_file=None, keep='0', log_level=None, mask='1', model_dir='/work/CAMPUS/etudes/Neige/CoSIMS/zacharie/TIMESERIES_PROJECT/MODELS/TCD-CIRRUS-BLUE_AVG-1200', model_type='mtn', output_dir='/work/CAMPUS/etudes/Neige/CoSIMS/zacharie/TIMESERIES_PROJECT/SWH_INFERENCE2/TCD-CIRRUS-BLUE_AVG-1200', tcd_dir='/work/datalake/static_aux/TreeCoverDensity')
DEVICE cpu
skipped existing inference for /work/CAMPUS/etudes/Neige/CoSIMS/zacharie/TIMESERIES_PROJECT/SWH_INFERENCE2/TCD-CIRRUS-BLUE_AVG-1200/ALP/SPOT5/2014/8/25/SPOT5-HRG1-XS_20140825-095139-290_L1C_049-260-0_C_V1-0/31TGK/FSC_20140825T095139_SPOT5_31TGK
muscate/SPOTWORLDHERITAGE/2014/08/25/SPOT5-HRG1-XS_20140825-095147-592_L1C_049-261-0_D_V1-0/SPOT5-HRG1-XS_20140825-095147-592_L1C_049-261-0_D_V1-0.zip
activate s3 conda env
start s2 script
