unload conda/22.11.1  : OK 
load conda/22.11.1  : OK 
envs_dirs : /work/scratch/env/barrouz/conda_env/
pkgs_dirs : /work/scratch/env/barrouz/pkgs_conda
INPUT_PATH /home/ad/barrouz/WORKSPACE/TIMESERIES_PROJECT/inference_code/list_large/PYR/10.txt
OUTPUT_PATH /work/CAMPUS/etudes/Neige/CoSIMS/zacharie/TIMESERIES_PROJECT/SWH_INFERENCE/PYR/TCD-CIRRUS-BLUE_AVG-1200
DEM_PATH /work/CAMPUS/etudes/Neige/DEM
TCD_PATH /work/datalake/static_aux/TreeCoverDensity
MODELS_PATH /work/CAMPUS/etudes/Neige/CoSIMS/zacharie/TIMESERIES_PROJECT/MODELS/TCD-CIRRUS-BLUE_AVG-1200
KEEP_REFL 0
MASK 1
start
/home/ad/barrouz/WORKSPACE/TIMESERIES_PROJECT/inference_code/list_large/PYR/10.txt
muscate/SPOTWORLDHERITAGE/2012/05/03/SPOT4-HRVIR1-XS_20120503-095159-894_L1C_042-264-0_D_V1-0/SPOT4-HRVIR1-XS_20120503-095159-894_L1C_042-264-0_D_V1-0.zip
activate s3 conda env
start s2 script
get credentials
get s3filesystem
download
SPOT4-HRVIR1-XS_20120503-095159-894_L1C_042-264-0_D_V1-0.zip
/tmp/slurm-4439206/INPUT/SPOT4-HRVIR1-XS_20120503-095159-894_L1C_042-264-0_D_V1-0.zip
run script
Traceback (most recent call last):
  File "/home/ad/barrouz/WORKSPACE/TIMESERIES_PROJECT/inference_unet/run_snow_swh.py", line 12, in <module>
    from src.snow_swh import detect_snow
  File "/home/ad/barrouz/WORKSPACE/TIMESERIES_PROJECT/inference_unet/src/snow_swh.py", line 265
    if len(glob.glob(os.path.join(output_tile_path,'*.tif')) == 4 :
                                                                  ^
SyntaxError: invalid syntax
muscate/SPOTWORLDHERITAGE/2012/05/03/SPOT4-HRVIR2-XS_20120503-095155-354_L1C_046-263-9_D_V1-0/SPOT4-HRVIR2-XS_20120503-095155-354_L1C_046-263-9_D_V1-0.zip
activate s3 conda env
start s2 script
get credentials
get s3filesystem
download
SPOT4-HRVIR2-XS_20120503-095155-354_L1C_046-263-9_D_V1-0.zip
/tmp/slurm-4439206/INPUT/SPOT4-HRVIR2-XS_20120503-095155-354_L1C_046-263-9_D_V1-0.zip
run script
Traceback (most recent call last):
  File "/home/ad/barrouz/WORKSPACE/TIMESERIES_PROJECT/inference_unet/run_snow_swh.py", line 12, in <module>
    from src.snow_swh import detect_snow
  File "/home/ad/barrouz/WORKSPACE/TIMESERIES_PROJECT/inference_unet/src/snow_swh.py", line 265
    if len(glob.glob(os.path.join(output_tile_path,'*.tif')) == 4 :
                                                                  ^
SyntaxError: invalid syntax
muscate/SPOTWORLDHERITAGE/2012/05/03/SPOT4-HRVIR2-XS_20120503-095203-834_L1C_046-265-0_D_V1-0/SPOT4-HRVIR2-XS_20120503-095203-834_L1C_046-265-0_D_V1-0.zip
activate s3 conda env
start s2 script
get credentials
get s3filesystem
download
SPOT4-HRVIR2-XS_20120503-095203-834_L1C_046-265-0_D_V1-0.zip
/tmp/slurm-4439206/INPUT/SPOT4-HRVIR2-XS_20120503-095203-834_L1C_046-265-0_D_V1-0.zip
run script
Traceback (most recent call last):
  File "/home/ad/barrouz/WORKSPACE/TIMESERIES_PROJECT/inference_unet/run_snow_swh.py", line 12, in <module>
    from src.snow_swh import detect_snow
  File "/home/ad/barrouz/WORKSPACE/TIMESERIES_PROJECT/inference_unet/src/snow_swh.py", line 265
    if len(glob.glob(os.path.join(output_tile_path,'*.tif')) == 4 :
                                                                  ^
SyntaxError: invalid syntax
muscate/SPOTWORLDHERITAGE/2012/08/13/SPOT4-HRVIR1-XS_20120813-102323-496_L1C_041-263-0_D_V1-0/SPOT4-HRVIR1-XS_20120813-102323-496_L1C_041-263-0_D_V1-0.zip
activate s3 conda env
start s2 script
get credentials
get s3filesystem
download
SPOT4-HRVIR1-XS_20120813-102323-496_L1C_041-263-0_D_V1-0.zip
/tmp/slurm-4439206/INPUT/SPOT4-HRVIR1-XS_20120813-102323-496_L1C_041-263-0_D_V1-0.zip
run script
Traceback (most recent call last):
  File "/home/ad/barrouz/WORKSPACE/TIMESERIES_PROJECT/inference_unet/run_snow_swh.py", line 12, in <module>
    from src.snow_swh import detect_snow
  File "/home/ad/barrouz/WORKSPACE/TIMESERIES_PROJECT/inference_unet/src/snow_swh.py", line 265
    if len(glob.glob(os.path.join(output_tile_path,'*.tif')) == 4 :
                                                                  ^
SyntaxError: invalid syntax
muscate/SPOTWORLDHERITAGE/2012/11/15/SPOT4-HRVIR1-XS_20121115-100831-873_L1C_041-263-0_D_V1-0/SPOT4-HRVIR1-XS_20121115-100831-873_L1C_041-263-0_D_V1-0.zip
activate s3 conda env
start s2 script
get credentials
get s3filesystem
download
SPOT4-HRVIR1-XS_20121115-100831-873_L1C_041-263-0_D_V1-0.zip
/tmp/slurm-4439206/INPUT/SPOT4-HRVIR1-XS_20121115-100831-873_L1C_041-263-0_D_V1-0.zip
run script
Traceback (most recent call last):
  File "/home/ad/barrouz/WORKSPACE/TIMESERIES_PROJECT/inference_unet/run_snow_swh.py", line 12, in <module>
    from src.snow_swh import detect_snow
  File "/home/ad/barrouz/WORKSPACE/TIMESERIES_PROJECT/inference_unet/src/snow_swh.py", line 265
    if len(glob.glob(os.path.join(output_tile_path,'*.tif')) == 4 :
                                                                  ^
SyntaxError: invalid syntax
muscate/SPOTWORLDHERITAGE/2012/11/15/SPOT4-HRVIR1-XS_20121115-100833-678_L1C_041-263-2_D_V1-0/SPOT4-HRVIR1-XS_20121115-100833-678_L1C_041-263-2_D_V1-0.zip
activate s3 conda env
start s2 script
get credentials
get s3filesystem
download
SPOT4-HRVIR1-XS_20121115-100833-678_L1C_041-263-2_D_V1-0.zip
/tmp/slurm-4439206/INPUT/SPOT4-HRVIR1-XS_20121115-100833-678_L1C_041-263-2_D_V1-0.zip
run script
Traceback (most recent call last):
  File "/home/ad/barrouz/WORKSPACE/TIMESERIES_PROJECT/inference_unet/run_snow_swh.py", line 12, in <module>
    from src.snow_swh import detect_snow
  File "/home/ad/barrouz/WORKSPACE/TIMESERIES_PROJECT/inference_unet/src/snow_swh.py", line 265
    if len(glob.glob(os.path.join(output_tile_path,'*.tif')) == 4 :
                                                                  ^
SyntaxError: invalid syntax
muscate/SPOTWORLDHERITAGE/2012/11/15/SPOT4-HRVIR2-XS_20121115-100830-043_L1C_046-263-6_D_V1-0/SPOT4-HRVIR2-XS_20121115-100830-043_L1C_046-263-6_D_V1-0.zip
activate s3 conda env
start s2 script
get credentials
get s3filesystem
download
SPOT4-HRVIR2-XS_20121115-100830-043_L1C_046-263-6_D_V1-0.zip
/tmp/slurm-4439206/INPUT/SPOT4-HRVIR2-XS_20121115-100830-043_L1C_046-263-6_D_V1-0.zip
run script
Traceback (most recent call last):
  File "/home/ad/barrouz/WORKSPACE/TIMESERIES_PROJECT/inference_unet/run_snow_swh.py", line 12, in <module>
    from src.snow_swh import detect_snow
  File "/home/ad/barrouz/WORKSPACE/TIMESERIES_PROJECT/inference_unet/src/snow_swh.py", line 265
    if len(glob.glob(os.path.join(output_tile_path,'*.tif')) == 4 :
                                                                  ^
SyntaxError: invalid syntax
muscate/SPOTWORLDHERITAGE/2012/11/15/SPOT4-HRVIR2-XS_20121115-100833-117_L1C_046-264-0_D_V1-0/SPOT4-HRVIR2-XS_20121115-100833-117_L1C_046-264-0_D_V1-0.zip
activate s3 conda env
start s2 script
get credentials
get s3filesystem
download
SPOT4-HRVIR2-XS_20121115-100833-117_L1C_046-264-0_D_V1-0.zip
/tmp/slurm-4439206/INPUT/SPOT4-HRVIR2-XS_20121115-100833-117_L1C_046-264-0_D_V1-0.zip
run script
Traceback (most recent call last):
  File "/home/ad/barrouz/WORKSPACE/TIMESERIES_PROJECT/inference_unet/run_snow_swh.py", line 12, in <module>
    from src.snow_swh import detect_snow
  File "/home/ad/barrouz/WORKSPACE/TIMESERIES_PROJECT/inference_unet/src/snow_swh.py", line 265
    if len(glob.glob(os.path.join(output_tile_path,'*.tif')) == 4 :
                                                                  ^
SyntaxError: invalid syntax
muscate/SPOTWORLDHERITAGE/2012/07/18/SPOT4-HRVIR1-XS_20120718-102521-284_L1C_041-264-0_D_V1-0/SPOT4-HRVIR1-XS_20120718-102521-284_L1C_041-264-0_D_V1-0.zip
activate s3 conda env
start s2 script
get credentials
get s3filesystem
download
SPOT4-HRVIR1-XS_20120718-102521-284_L1C_041-264-0_D_V1-0.zip
/tmp/slurm-4439206/INPUT/SPOT4-HRVIR1-XS_20120718-102521-284_L1C_041-264-0_D_V1-0.zip
run script
Traceback (most recent call last):
  File "/home/ad/barrouz/WORKSPACE/TIMESERIES_PROJECT/inference_unet/run_snow_swh.py", line 12, in <module>
    from src.snow_swh import detect_snow
  File "/home/ad/barrouz/WORKSPACE/TIMESERIES_PROJECT/inference_unet/src/snow_swh.py", line 265
    if len(glob.glob(os.path.join(output_tile_path,'*.tif')) == 4 :
                                                                  ^
SyntaxError: invalid syntax
muscate/SPOTWORLDHERITAGE/2012/07/18/SPOT4-HRVIR1-XS_20120718-102525-796_L1C_041-264-5_D_V1-0/SPOT4-HRVIR1-XS_20120718-102525-796_L1C_041-264-5_D_V1-0.zip
activate s3 conda env
start s2 script
get credentials
get s3filesystem
download
SPOT4-HRVIR1-XS_20120718-102525-796_L1C_041-264-5_D_V1-0.zip
/tmp/slurm-4439206/INPUT/SPOT4-HRVIR1-XS_20120718-102525-796_L1C_041-264-5_D_V1-0.zip
run script
Traceback (most recent call last):
  File "/home/ad/barrouz/WORKSPACE/TIMESERIES_PROJECT/inference_unet/run_snow_swh.py", line 12, in <module>
    from src.snow_swh import detect_snow
  File "/home/ad/barrouz/WORKSPACE/TIMESERIES_PROJECT/inference_unet/src/snow_swh.py", line 265
    if len(glob.glob(os.path.join(output_tile_path,'*.tif')) == 4 :
                                                                  ^
SyntaxError: invalid syntax
muscate/SPOTWORLDHERITAGE/2012/07/18/SPOT4-HRVIR1-XS_20120718-102510-650_L1C_042-262-7_D_V1-0/SPOT4-HRVIR1-XS_20120718-102510-650_L1C_042-262-7_D_V1-0.zip
activate s3 conda env
start s2 script
get credentials
get s3filesystem
download
SPOT4-HRVIR1-XS_20120718-102510-650_L1C_042-262-7_D_V1-0.zip
/tmp/slurm-4439206/INPUT/SPOT4-HRVIR1-XS_20120718-102510-650_L1C_042-262-7_D_V1-0.zip
run script
Traceback (most recent call last):
  File "/home/ad/barrouz/WORKSPACE/TIMESERIES_PROJECT/inference_unet/run_snow_swh.py", line 12, in <module>
    from src.snow_swh import detect_snow
  File "/home/ad/barrouz/WORKSPACE/TIMESERIES_PROJECT/inference_unet/src/snow_swh.py", line 265
    if len(glob.glob(os.path.join(output_tile_path,'*.tif')) == 4 :
                                                                  ^
SyntaxError: invalid syntax
muscate/SPOTWORLDHERITAGE/2012/07/18/SPOT4-HRVIR1-XS_20120718-102520-929_L1C_042-263-9_D_V1-0/SPOT4-HRVIR1-XS_20120718-102520-929_L1C_042-263-9_D_V1-0.zip
activate s3 conda env
start s2 script
get credentials
get s3filesystem
download
SPOT4-HRVIR1-XS_20120718-102520-929_L1C_042-263-9_D_V1-0.zip
/tmp/slurm-4439206/INPUT/SPOT4-HRVIR1-XS_20120718-102520-929_L1C_042-263-9_D_V1-0.zip
run script
Traceback (most recent call last):
  File "/home/ad/barrouz/WORKSPACE/TIMESERIES_PROJECT/inference_unet/run_snow_swh.py", line 12, in <module>
    from src.snow_swh import detect_snow
  File "/home/ad/barrouz/WORKSPACE/TIMESERIES_PROJECT/inference_unet/src/snow_swh.py", line 265
    if len(glob.glob(os.path.join(output_tile_path,'*.tif')) == 4 :
                                                                  ^
SyntaxError: invalid syntax
muscate/SPOTWORLDHERITAGE/2012/02/20/SPOT4-HRVIR2-XS_20120220-100036-517_L1C_042-262-7_D_V1-0/SPOT4-HRVIR2-XS_20120220-100036-517_L1C_042-262-7_D_V1-0.zip
activate s3 conda env
start s2 script
get credentials
get s3filesystem
download
SPOT4-HRVIR2-XS_20120220-100036-517_L1C_042-262-7_D_V1-0.zip
/tmp/slurm-4439206/INPUT/SPOT4-HRVIR2-XS_20120220-100036-517_L1C_042-262-7_D_V1-0.zip
run script
Traceback (most recent call last):
  File "/home/ad/barrouz/WORKSPACE/TIMESERIES_PROJECT/inference_unet/run_snow_swh.py", line 12, in <module>
    from src.snow_swh import detect_snow
  File "/home/ad/barrouz/WORKSPACE/TIMESERIES_PROJECT/inference_unet/src/snow_swh.py", line 265
    if len(glob.glob(os.path.join(output_tile_path,'*.tif')) == 4 :
                                                                  ^
SyntaxError: invalid syntax
muscate/SPOTWORLDHERITAGE/2012/02/20/SPOT4-HRVIR1-XS_20120220-100052-791_L1C_044-264-9_D_V1-0/SPOT4-HRVIR1-XS_20120220-100052-791_L1C_044-264-9_D_V1-0.zip
activate s3 conda env
start s2 script
get credentials
get s3filesystem
download
SPOT4-HRVIR1-XS_20120220-100052-791_L1C_044-264-9_D_V1-0.zip
/tmp/slurm-4439206/INPUT/SPOT4-HRVIR1-XS_20120220-100052-791_L1C_044-264-9_D_V1-0.zip
run script
Traceback (most recent call last):
  File "/home/ad/barrouz/WORKSPACE/TIMESERIES_PROJECT/inference_unet/run_snow_swh.py", line 12, in <module>
    from src.snow_swh import detect_snow
  File "/home/ad/barrouz/WORKSPACE/TIMESERIES_PROJECT/inference_unet/src/snow_swh.py", line 265
    if len(glob.glob(os.path.join(output_tile_path,'*.tif')) == 4 :
                                                                  ^
SyntaxError: invalid syntax
muscate/SPOTWORLDHERITAGE/2012/02/20/SPOT4-HRVIR1-XS_20120220-100052-975_L1C_044-265-0_D_V1-0/SPOT4-HRVIR1-XS_20120220-100052-975_L1C_044-265-0_D_V1-0.zip
activate s3 conda env
start s2 script
get credentials
get s3filesystem
download
SPOT4-HRVIR1-XS_20120220-100052-975_L1C_044-265-0_D_V1-0.zip
/tmp/slurm-4439206/INPUT/SPOT4-HRVIR1-XS_20120220-100052-975_L1C_044-265-0_D_V1-0.zip
run script
Traceback (most recent call last):
  File "/home/ad/barrouz/WORKSPACE/TIMESERIES_PROJECT/inference_unet/run_snow_swh.py", line 12, in <module>
    from src.snow_swh import detect_snow
  File "/home/ad/barrouz/WORKSPACE/TIMESERIES_PROJECT/inference_unet/src/snow_swh.py", line 265
    if len(glob.glob(os.path.join(output_tile_path,'*.tif')) == 4 :
                                                                  ^
SyntaxError: invalid syntax
muscate/SPOTWORLDHERITAGE/2012/02/20/SPOT4-HRVIR1-XS_20120220-100033-524_L1C_045-262-8_D_V1-0/SPOT4-HRVIR1-XS_20120220-100033-524_L1C_045-262-8_D_V1-0.zip
activate s3 conda env
start s2 script
get credentials
get s3filesystem
download
SPOT4-HRVIR1-XS_20120220-100033-524_L1C_045-262-8_D_V1-0.zip
/tmp/slurm-4439206/INPUT/SPOT4-HRVIR1-XS_20120220-100033-524_L1C_045-262-8_D_V1-0.zip
run script
Traceback (most recent call last):
  File "/home/ad/barrouz/WORKSPACE/TIMESERIES_PROJECT/inference_unet/run_snow_swh.py", line 12, in <module>
    from src.snow_swh import detect_snow
  File "/home/ad/barrouz/WORKSPACE/TIMESERIES_PROJECT/inference_unet/src/snow_swh.py", line 265
    if len(glob.glob(os.path.join(output_tile_path,'*.tif')) == 4 :
                                                                  ^
SyntaxError: invalid syntax
muscate/SPOTWORLDHERITAGE/2012/02/20/SPOT4-HRVIR1-XS_20120220-100034-607_L1C_045-263-0_D_V1-0/SPOT4-HRVIR1-XS_20120220-100034-607_L1C_045-263-0_D_V1-0.zip
activate s3 conda env
start s2 script
get credentials
get s3filesystem
download
SPOT4-HRVIR1-XS_20120220-100034-607_L1C_045-263-0_D_V1-0.zip
/tmp/slurm-4439206/INPUT/SPOT4-HRVIR1-XS_20120220-100034-607_L1C_045-263-0_D_V1-0.zip
run script
Traceback (most recent call last):
  File "/home/ad/barrouz/WORKSPACE/TIMESERIES_PROJECT/inference_unet/run_snow_swh.py", line 12, in <module>
    from src.snow_swh import detect_snow
  File "/home/ad/barrouz/WORKSPACE/TIMESERIES_PROJECT/inference_unet/src/snow_swh.py", line 265
    if len(glob.glob(os.path.join(output_tile_path,'*.tif')) == 4 :
                                                                  ^
SyntaxError: invalid syntax
muscate/SPOTWORLDHERITAGE/2012/02/20/SPOT4-HRVIR1-XS_20120220-100036-412_L1C_045-263-2_D_V1-0/SPOT4-HRVIR1-XS_20120220-100036-412_L1C_045-263-2_D_V1-0.zip
activate s3 conda env
start s2 script
get credentials
get s3filesystem
download
SPOT4-HRVIR1-XS_20120220-100036-412_L1C_045-263-2_D_V1-0.zip
/tmp/slurm-4439206/INPUT/SPOT4-HRVIR1-XS_20120220-100036-412_L1C_045-263-2_D_V1-0.zip
run script
Traceback (most recent call last):
  File "/home/ad/barrouz/WORKSPACE/TIMESERIES_PROJECT/inference_unet/run_snow_swh.py", line 12, in <module>
    from src.snow_swh import detect_snow
  File "/home/ad/barrouz/WORKSPACE/TIMESERIES_PROJECT/inference_unet/src/snow_swh.py", line 265
    if len(glob.glob(os.path.join(output_tile_path,'*.tif')) == 4 :
                                                                  ^
SyntaxError: invalid syntax
muscate/SPOTWORLDHERITAGE/2012/03/26/SPOT4-HRVIR2-XS_20120326-102515-653_L1C_042-262-7_D_V1-0/SPOT4-HRVIR2-XS_20120326-102515-653_L1C_042-262-7_D_V1-0.zip
activate s3 conda env
start s2 script
get credentials
get s3filesystem
download
SPOT4-HRVIR2-XS_20120326-102515-653_L1C_042-262-7_D_V1-0.zip
/tmp/slurm-4439206/INPUT/SPOT4-HRVIR2-XS_20120326-102515-653_L1C_042-262-7_D_V1-0.zip
run script
Traceback (most recent call last):
  File "/home/ad/barrouz/WORKSPACE/TIMESERIES_PROJECT/inference_unet/run_snow_swh.py", line 12, in <module>
    from src.snow_swh import detect_snow
  File "/home/ad/barrouz/WORKSPACE/TIMESERIES_PROJECT/inference_unet/src/snow_swh.py", line 265
    if len(glob.glob(os.path.join(output_tile_path,'*.tif')) == 4 :
                                                                  ^
SyntaxError: invalid syntax
muscate/SPOTWORLDHERITAGE/2012/03/26/SPOT4-HRVIR1-XS_20120326-102516-477_L1C_043-263-0_D_V1-0/SPOT4-HRVIR1-XS_20120326-102516-477_L1C_043-263-0_D_V1-0.zip
activate s3 conda env
start s2 script
get credentials
get s3filesystem
download
SPOT4-HRVIR1-XS_20120326-102516-477_L1C_043-263-0_D_V1-0.zip
/tmp/slurm-4439206/INPUT/SPOT4-HRVIR1-XS_20120326-102516-477_L1C_043-263-0_D_V1-0.zip
run script
Traceback (most recent call last):
  File "/home/ad/barrouz/WORKSPACE/TIMESERIES_PROJECT/inference_unet/run_snow_swh.py", line 12, in <module>
    from src.snow_swh import detect_snow
  File "/home/ad/barrouz/WORKSPACE/TIMESERIES_PROJECT/inference_unet/src/snow_swh.py", line 265
    if len(glob.glob(os.path.join(output_tile_path,'*.tif')) == 4 :
                                                                  ^
SyntaxError: invalid syntax
muscate/SPOTWORLDHERITAGE/2012/03/26/SPOT4-HRVIR1-XS_20120326-102524-599_L1C_043-263-9_D_V1-0/SPOT4-HRVIR1-XS_20120326-102524-599_L1C_043-263-9_D_V1-0.zip
activate s3 conda env
start s2 script
get credentials
get s3filesystem
download
SPOT4-HRVIR1-XS_20120326-102524-599_L1C_043-263-9_D_V1-0.zip
/tmp/slurm-4439206/INPUT/SPOT4-HRVIR1-XS_20120326-102524-599_L1C_043-263-9_D_V1-0.zip
run script
Traceback (most recent call last):
  File "/home/ad/barrouz/WORKSPACE/TIMESERIES_PROJECT/inference_unet/run_snow_swh.py", line 12, in <module>
    from src.snow_swh import detect_snow
  File "/home/ad/barrouz/WORKSPACE/TIMESERIES_PROJECT/inference_unet/src/snow_swh.py", line 265
    if len(glob.glob(os.path.join(output_tile_path,'*.tif')) == 4 :
                                                                  ^
SyntaxError: invalid syntax
muscate/SPOTWORLDHERITAGE/2012/06/07/SPOT4-HRVIR2-XS_20120607-101628-127_L1C_042-262-9_D_V1-0/SPOT4-HRVIR2-XS_20120607-101628-127_L1C_042-262-9_D_V1-0.zip
activate s3 conda env
start s2 script
get credentials
get s3filesystem
download
SPOT4-HRVIR2-XS_20120607-101628-127_L1C_042-262-9_D_V1-0.zip
/tmp/slurm-4439206/INPUT/SPOT4-HRVIR2-XS_20120607-101628-127_L1C_042-262-9_D_V1-0.zip
run script
Traceback (most recent call last):
  File "/home/ad/barrouz/WORKSPACE/TIMESERIES_PROJECT/inference_unet/run_snow_swh.py", line 12, in <module>
    from src.snow_swh import detect_snow
  File "/home/ad/barrouz/WORKSPACE/TIMESERIES_PROJECT/inference_unet/src/snow_swh.py", line 265
    if len(glob.glob(os.path.join(output_tile_path,'*.tif')) == 4 :
                                                                  ^
SyntaxError: invalid syntax
muscate/SPOTWORLDHERITAGE/2012/06/07/SPOT4-HRVIR2-XS_20120607-101636-787_L1C_042-264-0_D_V1-0/SPOT4-HRVIR2-XS_20120607-101636-787_L1C_042-264-0_D_V1-0.zip
activate s3 conda env
start s2 script
get credentials
get s3filesystem
download
SPOT4-HRVIR2-XS_20120607-101636-787_L1C_042-264-0_D_V1-0.zip
/tmp/slurm-4439206/INPUT/SPOT4-HRVIR2-XS_20120607-101636-787_L1C_042-264-0_D_V1-0.zip
run script
Traceback (most recent call last):
  File "/home/ad/barrouz/WORKSPACE/TIMESERIES_PROJECT/inference_unet/run_snow_swh.py", line 12, in <module>
    from src.snow_swh import detect_snow
  File "/home/ad/barrouz/WORKSPACE/TIMESERIES_PROJECT/inference_unet/src/snow_swh.py", line 265
    if len(glob.glob(os.path.join(output_tile_path,'*.tif')) == 4 :
                                                                  ^
SyntaxError: invalid syntax
muscate/SPOTWORLDHERITAGE/2012/06/07/SPOT4-HRVIR1-XS_20120607-101628-016_L1C_043-263-2_D_V1-0/SPOT4-HRVIR1-XS_20120607-101628-016_L1C_043-263-2_D_V1-0.zip
activate s3 conda env
start s2 script
get credentials
get s3filesystem
download
SPOT4-HRVIR1-XS_20120607-101628-016_L1C_043-263-2_D_V1-0.zip
/tmp/slurm-4439206/INPUT/SPOT4-HRVIR1-XS_20120607-101628-016_L1C_043-263-2_D_V1-0.zip
run script
Traceback (most recent call last):
  File "/home/ad/barrouz/WORKSPACE/TIMESERIES_PROJECT/inference_unet/run_snow_swh.py", line 12, in <module>
    from src.snow_swh import detect_snow
  File "/home/ad/barrouz/WORKSPACE/TIMESERIES_PROJECT/inference_unet/src/snow_swh.py", line 265
    if len(glob.glob(os.path.join(output_tile_path,'*.tif')) == 4 :
                                                                  ^
SyntaxError: invalid syntax
muscate/SPOTWORLDHERITAGE/2012/06/07/SPOT4-HRVIR1-XS_20120607-101634-625_L1C_043-264-0_D_V1-0/SPOT4-HRVIR1-XS_20120607-101634-625_L1C_043-264-0_D_V1-0.zip
activate s3 conda env
start s2 script
get credentials
get s3filesystem
download
SPOT4-HRVIR1-XS_20120607-101634-625_L1C_043-264-0_D_V1-0.zip
/tmp/slurm-4439206/INPUT/SPOT4-HRVIR1-XS_20120607-101634-625_L1C_043-264-0_D_V1-0.zip
run script
Traceback (most recent call last):
  File "/home/ad/barrouz/WORKSPACE/TIMESERIES_PROJECT/inference_unet/run_snow_swh.py", line 12, in <module>
    from src.snow_swh import detect_snow
  File "/home/ad/barrouz/WORKSPACE/TIMESERIES_PROJECT/inference_unet/src/snow_swh.py", line 265
    if len(glob.glob(os.path.join(output_tile_path,'*.tif')) == 4 :
                                                                  ^
SyntaxError: invalid syntax
muscate/SPOTWORLDHERITAGE/2012/08/04/SPOT4-HRVIR2-XS_20120804-095659-932_L1C_042-262-7_D_V1-0/SPOT4-HRVIR2-XS_20120804-095659-932_L1C_042-262-7_D_V1-0.zip
activate s3 conda env
start s2 script
get credentials
get s3filesystem
download
SPOT4-HRVIR2-XS_20120804-095659-932_L1C_042-262-7_D_V1-0.zip
/tmp/slurm-4439206/INPUT/SPOT4-HRVIR2-XS_20120804-095659-932_L1C_042-262-7_D_V1-0.zip
run script
Traceback (most recent call last):
  File "/home/ad/barrouz/WORKSPACE/TIMESERIES_PROJECT/inference_unet/run_snow_swh.py", line 12, in <module>
    from src.snow_swh import detect_snow
  File "/home/ad/barrouz/WORKSPACE/TIMESERIES_PROJECT/inference_unet/src/snow_swh.py", line 265
    if len(glob.glob(os.path.join(output_tile_path,'*.tif')) == 4 :
                                                                  ^
SyntaxError: invalid syntax
muscate/SPOTWORLDHERITAGE/2012/10/06/SPOT4-HRVIR1-XS_20121006-094041-038_L1C_042-262-7_D_V1-0/SPOT4-HRVIR1-XS_20121006-094041-038_L1C_042-262-7_D_V1-0.zip
activate s3 conda env
start s2 script
get credentials
get s3filesystem
download
SPOT4-HRVIR1-XS_20121006-094041-038_L1C_042-262-7_D_V1-0.zip
/tmp/slurm-4439206/INPUT/SPOT4-HRVIR1-XS_20121006-094041-038_L1C_042-262-7_D_V1-0.zip
run script
Traceback (most recent call last):
  File "/home/ad/barrouz/WORKSPACE/TIMESERIES_PROJECT/inference_unet/run_snow_swh.py", line 12, in <module>
    from src.snow_swh import detect_snow
  File "/home/ad/barrouz/WORKSPACE/TIMESERIES_PROJECT/inference_unet/src/snow_swh.py", line 265
    if len(glob.glob(os.path.join(output_tile_path,'*.tif')) == 4 :
                                                                  ^
SyntaxError: invalid syntax
muscate/SPOTWORLDHERITAGE/2012/11/20/SPOT4-HRVIR1-XS_20121120-101155-307_L1C_042-262-7_D_V1-0/SPOT4-HRVIR1-XS_20121120-101155-307_L1C_042-262-7_D_V1-0.zip
activate s3 conda env
start s2 script
get credentials
get s3filesystem
download
SPOT4-HRVIR1-XS_20121120-101155-307_L1C_042-262-7_D_V1-0.zip
/tmp/slurm-4439206/INPUT/SPOT4-HRVIR1-XS_20121120-101155-307_L1C_042-262-7_D_V1-0.zip
run script
Traceback (most recent call last):
  File "/home/ad/barrouz/WORKSPACE/TIMESERIES_PROJECT/inference_unet/run_snow_swh.py", line 12, in <module>
    from src.snow_swh import detect_snow
  File "/home/ad/barrouz/WORKSPACE/TIMESERIES_PROJECT/inference_unet/src/snow_swh.py", line 265
    if len(glob.glob(os.path.join(output_tile_path,'*.tif')) == 4 :
                                                                  ^
SyntaxError: invalid syntax
muscate/SPOTWORLDHERITAGE/2012/11/20/SPOT4-HRVIR2-XS_20121120-101209-737_L1C_044-265-0_D_V1-0/SPOT4-HRVIR2-XS_20121120-101209-737_L1C_044-265-0_D_V1-0.zip
activate s3 conda env
start s2 script
get credentials
get s3filesystem
download
SPOT4-HRVIR2-XS_20121120-101209-737_L1C_044-265-0_D_V1-0.zip
/tmp/slurm-4439206/INPUT/SPOT4-HRVIR2-XS_20121120-101209-737_L1C_044-265-0_D_V1-0.zip
run script
Traceback (most recent call last):
  File "/home/ad/barrouz/WORKSPACE/TIMESERIES_PROJECT/inference_unet/run_snow_swh.py", line 12, in <module>
    from src.snow_swh import detect_snow
  File "/home/ad/barrouz/WORKSPACE/TIMESERIES_PROJECT/inference_unet/src/snow_swh.py", line 265
    if len(glob.glob(os.path.join(output_tile_path,'*.tif')) == 4 :
                                                                  ^
SyntaxError: invalid syntax
muscate/SPOTWORLDHERITAGE/2012/11/20/SPOT4-HRVIR2-XS_20121120-101152-745_L1C_045-263-0_D_V1-0/SPOT4-HRVIR2-XS_20121120-101152-745_L1C_045-263-0_D_V1-0.zip
activate s3 conda env
start s2 script
get credentials
get s3filesystem
download
SPOT4-HRVIR2-XS_20121120-101152-745_L1C_045-263-0_D_V1-0.zip
/tmp/slurm-4439206/INPUT/SPOT4-HRVIR2-XS_20121120-101152-745_L1C_045-263-0_D_V1-0.zip
run script
Traceback (most recent call last):
  File "/home/ad/barrouz/WORKSPACE/TIMESERIES_PROJECT/inference_unet/run_snow_swh.py", line 12, in <module>
    from src.snow_swh import detect_snow
  File "/home/ad/barrouz/WORKSPACE/TIMESERIES_PROJECT/inference_unet/src/snow_swh.py", line 265
    if len(glob.glob(os.path.join(output_tile_path,'*.tif')) == 4 :
                                                                  ^
SyntaxError: invalid syntax
muscate/SPOTWORLDHERITAGE/2012/11/20/SPOT4-HRVIR2-XS_20121120-101201-240_L1C_045-264-0_D_V1-0/SPOT4-HRVIR2-XS_20121120-101201-240_L1C_045-264-0_D_V1-0.zip
activate s3 conda env
start s2 script
get credentials
get s3filesystem
download
SPOT4-HRVIR2-XS_20121120-101201-240_L1C_045-264-0_D_V1-0.zip
/tmp/slurm-4439206/INPUT/SPOT4-HRVIR2-XS_20121120-101201-240_L1C_045-264-0_D_V1-0.zip
run script
Traceback (most recent call last):
  File "/home/ad/barrouz/WORKSPACE/TIMESERIES_PROJECT/inference_unet/run_snow_swh.py", line 12, in <module>
    from src.snow_swh import detect_snow
  File "/home/ad/barrouz/WORKSPACE/TIMESERIES_PROJECT/inference_unet/src/snow_swh.py", line 265
    if len(glob.glob(os.path.join(output_tile_path,'*.tif')) == 4 :
                                                                  ^
SyntaxError: invalid syntax
muscate/SPOTWORLDHERITAGE/2012/03/17/SPOT4-HRVIR2-XS_20120317-095857-213_L1C_042-263-4_D_V1-0/SPOT4-HRVIR2-XS_20120317-095857-213_L1C_042-263-4_D_V1-0.zip
activate s3 conda env
start s2 script
get credentials
get s3filesystem
download
SPOT4-HRVIR2-XS_20120317-095857-213_L1C_042-263-4_D_V1-0.zip
/tmp/slurm-4439206/INPUT/SPOT4-HRVIR2-XS_20120317-095857-213_L1C_042-263-4_D_V1-0.zip
run script
Traceback (most recent call last):
  File "/home/ad/barrouz/WORKSPACE/TIMESERIES_PROJECT/inference_unet/run_snow_swh.py", line 12, in <module>
    from src.snow_swh import detect_snow
  File "/home/ad/barrouz/WORKSPACE/TIMESERIES_PROJECT/inference_unet/src/snow_swh.py", line 265
    if len(glob.glob(os.path.join(output_tile_path,'*.tif')) == 4 :
                                                                  ^
SyntaxError: invalid syntax
muscate/SPOTWORLDHERITAGE/2012/03/17/SPOT4-HRVIR2-XS_20120317-095858-116_L1C_042-263-5_D_V1-0/SPOT4-HRVIR2-XS_20120317-095858-116_L1C_042-263-5_D_V1-0.zip
activate s3 conda env
start s2 script
get credentials
get s3filesystem
download
SPOT4-HRVIR2-XS_20120317-095858-116_L1C_042-263-5_D_V1-0.zip
/tmp/slurm-4439206/INPUT/SPOT4-HRVIR2-XS_20120317-095858-116_L1C_042-263-5_D_V1-0.zip
run script
Traceback (most recent call last):
  File "/home/ad/barrouz/WORKSPACE/TIMESERIES_PROJECT/inference_unet/run_snow_swh.py", line 12, in <module>
    from src.snow_swh import detect_snow
  File "/home/ad/barrouz/WORKSPACE/TIMESERIES_PROJECT/inference_unet/src/snow_swh.py", line 265
    if len(glob.glob(os.path.join(output_tile_path,'*.tif')) == 4 :
                                                                  ^
SyntaxError: invalid syntax
muscate/SPOTWORLDHERITAGE/2012/03/17/SPOT4-HRVIR1-XS_20120317-095856-513_L1C_044-263-5_D_V1-0/SPOT4-HRVIR1-XS_20120317-095856-513_L1C_044-263-5_D_V1-0.zip
activate s3 conda env
start s2 script
get credentials
get s3filesystem
download
SPOT4-HRVIR1-XS_20120317-095856-513_L1C_044-263-5_D_V1-0.zip
/tmp/slurm-4439206/INPUT/SPOT4-HRVIR1-XS_20120317-095856-513_L1C_044-263-5_D_V1-0.zip
run script
Traceback (most recent call last):
  File "/home/ad/barrouz/WORKSPACE/TIMESERIES_PROJECT/inference_unet/run_snow_swh.py", line 12, in <module>
    from src.snow_swh import detect_snow
  File "/home/ad/barrouz/WORKSPACE/TIMESERIES_PROJECT/inference_unet/src/snow_swh.py", line 265
    if len(glob.glob(os.path.join(output_tile_path,'*.tif')) == 4 :
                                                                  ^
SyntaxError: invalid syntax
muscate/SPOTWORLDHERITAGE/2012/03/17/SPOT4-HRVIR1-XS_20120317-095900-297_L1C_044-264-0_D_V1-0/SPOT4-HRVIR1-XS_20120317-095900-297_L1C_044-264-0_D_V1-0.zip
activate s3 conda env
start s2 script
get credentials
get s3filesystem
download
SPOT4-HRVIR1-XS_20120317-095900-297_L1C_044-264-0_D_V1-0.zip
/tmp/slurm-4439206/INPUT/SPOT4-HRVIR1-XS_20120317-095900-297_L1C_044-264-0_D_V1-0.zip
run script
Traceback (most recent call last):
  File "/home/ad/barrouz/WORKSPACE/TIMESERIES_PROJECT/inference_unet/run_snow_swh.py", line 12, in <module>
    from src.snow_swh import detect_snow
  File "/home/ad/barrouz/WORKSPACE/TIMESERIES_PROJECT/inference_unet/src/snow_swh.py", line 265
    if len(glob.glob(os.path.join(output_tile_path,'*.tif')) == 4 :
                                                                  ^
SyntaxError: invalid syntax
muscate/SPOTWORLDHERITAGE/2012/03/17/SPOT4-HRVIR1-XS_20120317-095908-599_L1C_044-265-0_D_V1-0/SPOT4-HRVIR1-XS_20120317-095908-599_L1C_044-265-0_D_V1-0.zip
activate s3 conda env
start s2 script
get credentials
get s3filesystem
download
SPOT4-HRVIR1-XS_20120317-095908-599_L1C_044-265-0_D_V1-0.zip
/tmp/slurm-4439206/INPUT/SPOT4-HRVIR1-XS_20120317-095908-599_L1C_044-265-0_D_V1-0.zip
run script
Traceback (most recent call last):
  File "/home/ad/barrouz/WORKSPACE/TIMESERIES_PROJECT/inference_unet/run_snow_swh.py", line 12, in <module>
    from src.snow_swh import detect_snow
  File "/home/ad/barrouz/WORKSPACE/TIMESERIES_PROJECT/inference_unet/src/snow_swh.py", line 265
    if len(glob.glob(os.path.join(output_tile_path,'*.tif')) == 4 :
                                                                  ^
SyntaxError: invalid syntax
muscate/SPOTWORLDHERITAGE/2012/03/27/SPOT4-HRVIR2-XS_20120327-100600-950_L1C_042-263-7_D_V1-0/SPOT4-HRVIR2-XS_20120327-100600-950_L1C_042-263-7_D_V1-0.zip
activate s3 conda env
start s2 script
get credentials
get s3filesystem
download
SPOT4-HRVIR2-XS_20120327-100600-950_L1C_042-263-7_D_V1-0.zip
/tmp/slurm-4439206/INPUT/SPOT4-HRVIR2-XS_20120327-100600-950_L1C_042-263-7_D_V1-0.zip
run script
Traceback (most recent call last):
  File "/home/ad/barrouz/WORKSPACE/TIMESERIES_PROJECT/inference_unet/run_snow_swh.py", line 12, in <module>
    from src.snow_swh import detect_snow
  File "/home/ad/barrouz/WORKSPACE/TIMESERIES_PROJECT/inference_unet/src/snow_swh.py", line 265
    if len(glob.glob(os.path.join(output_tile_path,'*.tif')) == 4 :
                                                                  ^
SyntaxError: invalid syntax
muscate/SPOTWORLDHERITAGE/2012/03/27/SPOT4-HRVIR2-XS_20120327-100602-755_L1C_042-263-9_D_V1-0/SPOT4-HRVIR2-XS_20120327-100602-755_L1C_042-263-9_D_V1-0.zip
activate s3 conda env
start s2 script
get credentials
get s3filesystem
download
SPOT4-HRVIR2-XS_20120327-100602-755_L1C_042-263-9_D_V1-0.zip
/tmp/slurm-4439206/INPUT/SPOT4-HRVIR2-XS_20120327-100602-755_L1C_042-263-9_D_V1-0.zip
run script
Traceback (most recent call last):
  File "/home/ad/barrouz/WORKSPACE/TIMESERIES_PROJECT/inference_unet/run_snow_swh.py", line 12, in <module>
    from src.snow_swh import detect_snow
  File "/home/ad/barrouz/WORKSPACE/TIMESERIES_PROJECT/inference_unet/src/snow_swh.py", line 265
    if len(glob.glob(os.path.join(output_tile_path,'*.tif')) == 4 :
                                                                  ^
SyntaxError: invalid syntax
muscate/SPOTWORLDHERITAGE/2012/04/26/SPOT4-HRVIR1-XS_20120426-102705-327_L1C_042-263-0_D_V1-0/SPOT4-HRVIR1-XS_20120426-102705-327_L1C_042-263-0_D_V1-0.zip
activate s3 conda env
start s2 script
get credentials
get s3filesystem
download
SPOT4-HRVIR1-XS_20120426-102705-327_L1C_042-263-0_D_V1-0.zip
/tmp/slurm-4439206/INPUT/SPOT4-HRVIR1-XS_20120426-102705-327_L1C_042-263-0_D_V1-0.zip
run script
Traceback (most recent call last):
  File "/home/ad/barrouz/WORKSPACE/TIMESERIES_PROJECT/inference_unet/run_snow_swh.py", line 12, in <module>
    from src.snow_swh import detect_snow
  File "/home/ad/barrouz/WORKSPACE/TIMESERIES_PROJECT/inference_unet/src/snow_swh.py", line 265
    if len(glob.glob(os.path.join(output_tile_path,'*.tif')) == 4 :
                                                                  ^
SyntaxError: invalid syntax
muscate/SPOTWORLDHERITAGE/2012/04/26/SPOT4-HRVIR2-XS_20120426-102715-952_L1C_043-264-5_D_V1-0/SPOT4-HRVIR2-XS_20120426-102715-952_L1C_043-264-5_D_V1-0.zip
activate s3 conda env
start s2 script
get credentials
get s3filesystem
download
SPOT4-HRVIR2-XS_20120426-102715-952_L1C_043-264-5_D_V1-0.zip
/tmp/slurm-4439206/INPUT/SPOT4-HRVIR2-XS_20120426-102715-952_L1C_043-264-5_D_V1-0.zip
run script
Traceback (most recent call last):
  File "/home/ad/barrouz/WORKSPACE/TIMESERIES_PROJECT/inference_unet/run_snow_swh.py", line 12, in <module>
    from src.snow_swh import detect_snow
  File "/home/ad/barrouz/WORKSPACE/TIMESERIES_PROJECT/inference_unet/src/snow_swh.py", line 265
    if len(glob.glob(os.path.join(output_tile_path,'*.tif')) == 4 :
                                                                  ^
SyntaxError: invalid syntax
muscate/SPOTWORLDHERITAGE/2012/08/09/SPOT4-HRVIR1-XS_20120809-100038-732_L1C_042-263-7_D_V1-0/SPOT4-HRVIR1-XS_20120809-100038-732_L1C_042-263-7_D_V1-0.zip
activate s3 conda env
start s2 script
get credentials
get s3filesystem
download
SPOT4-HRVIR1-XS_20120809-100038-732_L1C_042-263-7_D_V1-0.zip
/tmp/slurm-4439206/INPUT/SPOT4-HRVIR1-XS_20120809-100038-732_L1C_042-263-7_D_V1-0.zip
run script
Traceback (most recent call last):
  File "/home/ad/barrouz/WORKSPACE/TIMESERIES_PROJECT/inference_unet/run_snow_swh.py", line 12, in <module>
    from src.snow_swh import detect_snow
  File "/home/ad/barrouz/WORKSPACE/TIMESERIES_PROJECT/inference_unet/src/snow_swh.py", line 265
    if len(glob.glob(os.path.join(output_tile_path,'*.tif')) == 4 :
                                                                  ^
SyntaxError: invalid syntax
muscate/SPOTWORLDHERITAGE/2012/08/09/SPOT4-HRVIR1-XS_20120809-100040-738_L1C_042-264-0_D_V1-0/SPOT4-HRVIR1-XS_20120809-100040-738_L1C_042-264-0_D_V1-0.zip
activate s3 conda env
start s2 script
get credentials
get s3filesystem
download
SPOT4-HRVIR1-XS_20120809-100040-738_L1C_042-264-0_D_V1-0.zip
/tmp/slurm-4439206/INPUT/SPOT4-HRVIR1-XS_20120809-100040-738_L1C_042-264-0_D_V1-0.zip
run script
Traceback (most recent call last):
  File "/home/ad/barrouz/WORKSPACE/TIMESERIES_PROJECT/inference_unet/run_snow_swh.py", line 12, in <module>
    from src.snow_swh import detect_snow
  File "/home/ad/barrouz/WORKSPACE/TIMESERIES_PROJECT/inference_unet/src/snow_swh.py", line 265
    if len(glob.glob(os.path.join(output_tile_path,'*.tif')) == 4 :
                                                                  ^
SyntaxError: invalid syntax
muscate/SPOTWORLDHERITAGE/2012/08/09/SPOT4-HRVIR2-XS_20120809-100038-768_L1C_043-263-9_D_V1-0/SPOT4-HRVIR2-XS_20120809-100038-768_L1C_043-263-9_D_V1-0.zip
activate s3 conda env
start s2 script
get credentials
get s3filesystem
download
SPOT4-HRVIR2-XS_20120809-100038-768_L1C_043-263-9_D_V1-0.zip
/tmp/slurm-4439206/INPUT/SPOT4-HRVIR2-XS_20120809-100038-768_L1C_043-263-9_D_V1-0.zip
run script
Traceback (most recent call last):
  File "/home/ad/barrouz/WORKSPACE/TIMESERIES_PROJECT/inference_unet/run_snow_swh.py", line 12, in <module>
    from src.snow_swh import detect_snow
  File "/home/ad/barrouz/WORKSPACE/TIMESERIES_PROJECT/inference_unet/src/snow_swh.py", line 265
    if len(glob.glob(os.path.join(output_tile_path,'*.tif')) == 4 :
                                                                  ^
SyntaxError: invalid syntax
muscate/SPOTWORLDHERITAGE/2012/08/09/SPOT4-HRVIR2-XS_20120809-100038-984_L1C_043-264-0_D_V1-0/SPOT4-HRVIR2-XS_20120809-100038-984_L1C_043-264-0_D_V1-0.zip
activate s3 conda env
start s2 script
get credentials
get s3filesystem
download
SPOT4-HRVIR2-XS_20120809-100038-984_L1C_043-264-0_D_V1-0.zip
/tmp/slurm-4439206/INPUT/SPOT4-HRVIR2-XS_20120809-100038-984_L1C_043-264-0_D_V1-0.zip
run script
Traceback (most recent call last):
  File "/home/ad/barrouz/WORKSPACE/TIMESERIES_PROJECT/inference_unet/run_snow_swh.py", line 12, in <module>
    from src.snow_swh import detect_snow
  File "/home/ad/barrouz/WORKSPACE/TIMESERIES_PROJECT/inference_unet/src/snow_swh.py", line 265
    if len(glob.glob(os.path.join(output_tile_path,'*.tif')) == 4 :
                                                                  ^
SyntaxError: invalid syntax
muscate/SPOTWORLDHERITAGE/2012/08/14/SPOT4-HRVIR1-XS_20120814-100402-355_L1C_042-263-0_D_V1-0/SPOT4-HRVIR1-XS_20120814-100402-355_L1C_042-263-0_D_V1-0.zip
activate s3 conda env
start s2 script
get credentials
get s3filesystem
download
SPOT4-HRVIR1-XS_20120814-100402-355_L1C_042-263-0_D_V1-0.zip
/tmp/slurm-4439206/INPUT/SPOT4-HRVIR1-XS_20120814-100402-355_L1C_042-263-0_D_V1-0.zip
run script
Traceback (most recent call last):
  File "/home/ad/barrouz/WORKSPACE/TIMESERIES_PROJECT/inference_unet/run_snow_swh.py", line 12, in <module>
    from src.snow_swh import detect_snow
  File "/home/ad/barrouz/WORKSPACE/TIMESERIES_PROJECT/inference_unet/src/snow_swh.py", line 265
    if len(glob.glob(os.path.join(output_tile_path,'*.tif')) == 4 :
                                                                  ^
SyntaxError: invalid syntax
muscate/SPOTWORLDHERITAGE/2012/08/14/SPOT4-HRVIR1-XS_20120814-100405-062_L1C_042-263-3_D_V1-0/SPOT4-HRVIR1-XS_20120814-100405-062_L1C_042-263-3_D_V1-0.zip
activate s3 conda env
start s2 script
get credentials
get s3filesystem
download
SPOT4-HRVIR1-XS_20120814-100405-062_L1C_042-263-3_D_V1-0.zip
/tmp/slurm-4439206/INPUT/SPOT4-HRVIR1-XS_20120814-100405-062_L1C_042-263-3_D_V1-0.zip
run script
Traceback (most recent call last):
  File "/home/ad/barrouz/WORKSPACE/TIMESERIES_PROJECT/inference_unet/run_snow_swh.py", line 12, in <module>
    from src.snow_swh import detect_snow
  File "/home/ad/barrouz/WORKSPACE/TIMESERIES_PROJECT/inference_unet/src/snow_swh.py", line 265
    if len(glob.glob(os.path.join(output_tile_path,'*.tif')) == 4 :
                                                                  ^
SyntaxError: invalid syntax
muscate/SPOTWORLDHERITAGE/2012/08/14/SPOT4-HRVIR2-XS_20120814-100356-427_L1C_046-263-0_D_V1-0/SPOT4-HRVIR2-XS_20120814-100356-427_L1C_046-263-0_D_V1-0.zip
activate s3 conda env
start s2 script
get credentials
get s3filesystem
download
SPOT4-HRVIR2-XS_20120814-100356-427_L1C_046-263-0_D_V1-0.zip
/tmp/slurm-4439206/INPUT/SPOT4-HRVIR2-XS_20120814-100356-427_L1C_046-263-0_D_V1-0.zip
run script
Traceback (most recent call last):
  File "/home/ad/barrouz/WORKSPACE/TIMESERIES_PROJECT/inference_unet/run_snow_swh.py", line 12, in <module>
    from src.snow_swh import detect_snow
  File "/home/ad/barrouz/WORKSPACE/TIMESERIES_PROJECT/inference_unet/src/snow_swh.py", line 265
    if len(glob.glob(os.path.join(output_tile_path,'*.tif')) == 4 :
                                                                  ^
SyntaxError: invalid syntax
muscate/SPOTWORLDHERITAGE/2012/08/14/SPOT4-HRVIR2-XS_20120814-100404-825_L1C_046-264-0_D_V1-0/SPOT4-HRVIR2-XS_20120814-100404-825_L1C_046-264-0_D_V1-0.zip
activate s3 conda env
start s2 script
get credentials
get s3filesystem
download
SPOT4-HRVIR2-XS_20120814-100404-825_L1C_046-264-0_D_V1-0.zip
/tmp/slurm-4439206/INPUT/SPOT4-HRVIR2-XS_20120814-100404-825_L1C_046-264-0_D_V1-0.zip
run script
Traceback (most recent call last):
  File "/home/ad/barrouz/WORKSPACE/TIMESERIES_PROJECT/inference_unet/run_snow_swh.py", line 12, in <module>
    from src.snow_swh import detect_snow
  File "/home/ad/barrouz/WORKSPACE/TIMESERIES_PROJECT/inference_unet/src/snow_swh.py", line 265
    if len(glob.glob(os.path.join(output_tile_path,'*.tif')) == 4 :
                                                                  ^
SyntaxError: invalid syntax
muscate/SPOTWORLDHERITAGE/2012/01/08/SPOT4-HRVIR1-XS_20120108-103020-762_L1C_042-264-0_D_V1-0/SPOT4-HRVIR1-XS_20120108-103020-762_L1C_042-264-0_D_V1-0.zip
activate s3 conda env
start s2 script
get credentials
get s3filesystem
download
SPOT4-HRVIR1-XS_20120108-103020-762_L1C_042-264-0_D_V1-0.zip
/tmp/slurm-4439206/INPUT/SPOT4-HRVIR1-XS_20120108-103020-762_L1C_042-264-0_D_V1-0.zip
run script
Traceback (most recent call last):
  File "/home/ad/barrouz/WORKSPACE/TIMESERIES_PROJECT/inference_unet/run_snow_swh.py", line 12, in <module>
    from src.snow_swh import detect_snow
  File "/home/ad/barrouz/WORKSPACE/TIMESERIES_PROJECT/inference_unet/src/snow_swh.py", line 265
    if len(glob.glob(os.path.join(output_tile_path,'*.tif')) == 4 :
                                                                  ^
SyntaxError: invalid syntax
muscate/SPOTWORLDHERITAGE/2012/01/08/SPOT4-HRVIR2-XS_20120108-103013-729_L1C_044-263-4_D_V1-0/SPOT4-HRVIR2-XS_20120108-103013-729_L1C_044-263-4_D_V1-0.zip
activate s3 conda env
start s2 script
get credentials
get s3filesystem
download
SPOT4-HRVIR2-XS_20120108-103013-729_L1C_044-263-4_D_V1-0.zip
/tmp/slurm-4439206/INPUT/SPOT4-HRVIR2-XS_20120108-103013-729_L1C_044-263-4_D_V1-0.zip
run script
Traceback (most recent call last):
  File "/home/ad/barrouz/WORKSPACE/TIMESERIES_PROJECT/inference_unet/run_snow_swh.py", line 12, in <module>
    from src.snow_swh import detect_snow
  File "/home/ad/barrouz/WORKSPACE/TIMESERIES_PROJECT/inference_unet/src/snow_swh.py", line 265
    if len(glob.glob(os.path.join(output_tile_path,'*.tif')) == 4 :
                                                                  ^
SyntaxError: invalid syntax
muscate/SPOTWORLDHERITAGE/2012/01/08/SPOT4-HRVIR2-XS_20120108-103018-572_L1C_044-264-0_D_V1-0/SPOT4-HRVIR2-XS_20120108-103018-572_L1C_044-264-0_D_V1-0.zip
activate s3 conda env
start s2 script
get credentials
get s3filesystem
download
SPOT4-HRVIR2-XS_20120108-103018-572_L1C_044-264-0_D_V1-0.zip
/tmp/slurm-4439206/INPUT/SPOT4-HRVIR2-XS_20120108-103018-572_L1C_044-264-0_D_V1-0.zip
run script
Traceback (most recent call last):
  File "/home/ad/barrouz/WORKSPACE/TIMESERIES_PROJECT/inference_unet/run_snow_swh.py", line 12, in <module>
    from src.snow_swh import detect_snow
  File "/home/ad/barrouz/WORKSPACE/TIMESERIES_PROJECT/inference_unet/src/snow_swh.py", line 265
    if len(glob.glob(os.path.join(output_tile_path,'*.tif')) == 4 :
                                                                  ^
SyntaxError: invalid syntax
muscate/SPOTWORLDHERITAGE/2012/01/14/SPOT4-HRVIR1-XS_20120114-101435-043_L1C_042-264-0_D_V1-0/SPOT4-HRVIR1-XS_20120114-101435-043_L1C_042-264-0_D_V1-0.zip
activate s3 conda env
start s2 script
get credentials
get s3filesystem
download
SPOT4-HRVIR1-XS_20120114-101435-043_L1C_042-264-0_D_V1-0.zip
/tmp/slurm-4439206/INPUT/SPOT4-HRVIR1-XS_20120114-101435-043_L1C_042-264-0_D_V1-0.zip
run script
Traceback (most recent call last):
  File "/home/ad/barrouz/WORKSPACE/TIMESERIES_PROJECT/inference_unet/run_snow_swh.py", line 12, in <module>
    from src.snow_swh import detect_snow
  File "/home/ad/barrouz/WORKSPACE/TIMESERIES_PROJECT/inference_unet/src/snow_swh.py", line 265
    if len(glob.glob(os.path.join(output_tile_path,'*.tif')) == 4 :
                                                                  ^
SyntaxError: invalid syntax
muscate/SPOTWORLDHERITAGE/2012/03/16/SPOT4-HRVIR1-XS_20120316-101816-256_L1C_043-262-9_D_V1-0/SPOT4-HRVIR1-XS_20120316-101816-256_L1C_043-262-9_D_V1-0.zip
activate s3 conda env
start s2 script
get credentials
get s3filesystem
download
SPOT4-HRVIR1-XS_20120316-101816-256_L1C_043-262-9_D_V1-0.zip
/tmp/slurm-4439206/INPUT/SPOT4-HRVIR1-XS_20120316-101816-256_L1C_043-262-9_D_V1-0.zip
run script
Traceback (most recent call last):
  File "/home/ad/barrouz/WORKSPACE/TIMESERIES_PROJECT/inference_unet/run_snow_swh.py", line 12, in <module>
    from src.snow_swh import detect_snow
  File "/home/ad/barrouz/WORKSPACE/TIMESERIES_PROJECT/inference_unet/src/snow_swh.py", line 265
    if len(glob.glob(os.path.join(output_tile_path,'*.tif')) == 4 :
                                                                  ^
SyntaxError: invalid syntax
muscate/SPOTWORLDHERITAGE/2012/03/16/SPOT4-HRVIR2-XS_20120316-101816-076_L1C_043-262-9_D_V1-0/SPOT4-HRVIR2-XS_20120316-101816-076_L1C_043-262-9_D_V1-0.zip
activate s3 conda env
start s2 script
get credentials
get s3filesystem
download
SPOT4-HRVIR2-XS_20120316-101816-076_L1C_043-262-9_D_V1-0.zip
/tmp/slurm-4439206/INPUT/SPOT4-HRVIR2-XS_20120316-101816-076_L1C_043-262-9_D_V1-0.zip
run script
Traceback (most recent call last):
  File "/home/ad/barrouz/WORKSPACE/TIMESERIES_PROJECT/inference_unet/run_snow_swh.py", line 12, in <module>
    from src.snow_swh import detect_snow
  File "/home/ad/barrouz/WORKSPACE/TIMESERIES_PROJECT/inference_unet/src/snow_swh.py", line 265
    if len(glob.glob(os.path.join(output_tile_path,'*.tif')) == 4 :
                                                                  ^
SyntaxError: invalid syntax
muscate/SPOTWORLDHERITAGE/2012/03/16/SPOT4-HRVIR1-XS_20120316-101816-506_L1C_043-263-0_D_V1-0/SPOT4-HRVIR1-XS_20120316-101816-506_L1C_043-263-0_D_V1-0.zip
activate s3 conda env
start s2 script
get credentials
get s3filesystem
download
SPOT4-HRVIR1-XS_20120316-101816-506_L1C_043-263-0_D_V1-0.zip
/tmp/slurm-4439206/INPUT/SPOT4-HRVIR1-XS_20120316-101816-506_L1C_043-263-0_D_V1-0.zip
run script
Traceback (most recent call last):
  File "/home/ad/barrouz/WORKSPACE/TIMESERIES_PROJECT/inference_unet/run_snow_swh.py", line 12, in <module>
    from src.snow_swh import detect_snow
  File "/home/ad/barrouz/WORKSPACE/TIMESERIES_PROJECT/inference_unet/src/snow_swh.py", line 265
    if len(glob.glob(os.path.join(output_tile_path,'*.tif')) == 4 :
                                                                  ^
SyntaxError: invalid syntax
muscate/SPOTWORLDHERITAGE/2012/03/16/SPOT4-HRVIR1-XS_20120316-101821-018_L1C_043-263-5_D_V1-0/SPOT4-HRVIR1-XS_20120316-101821-018_L1C_043-263-5_D_V1-0.zip
activate s3 conda env
start s2 script
get credentials
get s3filesystem
download
SPOT4-HRVIR1-XS_20120316-101821-018_L1C_043-263-5_D_V1-0.zip
/tmp/slurm-4439206/INPUT/SPOT4-HRVIR1-XS_20120316-101821-018_L1C_043-263-5_D_V1-0.zip
run script
Traceback (most recent call last):
  File "/home/ad/barrouz/WORKSPACE/TIMESERIES_PROJECT/inference_unet/run_snow_swh.py", line 12, in <module>
    from src.snow_swh import detect_snow
  File "/home/ad/barrouz/WORKSPACE/TIMESERIES_PROJECT/inference_unet/src/snow_swh.py", line 265
    if len(glob.glob(os.path.join(output_tile_path,'*.tif')) == 4 :
                                                                  ^
SyntaxError: invalid syntax
muscate/SPOTWORLDHERITAGE/2012/03/16/SPOT4-HRVIR2-XS_20120316-101816-329_L1C_043-263-0_D_V1-0/SPOT4-HRVIR2-XS_20120316-101816-329_L1C_043-263-0_D_V1-0.zip
activate s3 conda env
start s2 script
get credentials
get s3filesystem
download
SPOT4-HRVIR2-XS_20120316-101816-329_L1C_043-263-0_D_V1-0.zip
/tmp/slurm-4439206/INPUT/SPOT4-HRVIR2-XS_20120316-101816-329_L1C_043-263-0_D_V1-0.zip
run script
Traceback (most recent call last):
  File "/home/ad/barrouz/WORKSPACE/TIMESERIES_PROJECT/inference_unet/run_snow_swh.py", line 12, in <module>
    from src.snow_swh import detect_snow
  File "/home/ad/barrouz/WORKSPACE/TIMESERIES_PROJECT/inference_unet/src/snow_swh.py", line 265
    if len(glob.glob(os.path.join(output_tile_path,'*.tif')) == 4 :
                                                                  ^
SyntaxError: invalid syntax
muscate/SPOTWORLDHERITAGE/2012/03/16/SPOT4-HRVIR2-XS_20120316-101821-743_L1C_043-263-6_D_V1-0/SPOT4-HRVIR2-XS_20120316-101821-743_L1C_043-263-6_D_V1-0.zip
activate s3 conda env
start s2 script
get credentials
get s3filesystem
download
SPOT4-HRVIR2-XS_20120316-101821-743_L1C_043-263-6_D_V1-0.zip
/tmp/slurm-4439206/INPUT/SPOT4-HRVIR2-XS_20120316-101821-743_L1C_043-263-6_D_V1-0.zip
run script
Traceback (most recent call last):
  File "/home/ad/barrouz/WORKSPACE/TIMESERIES_PROJECT/inference_unet/run_snow_swh.py", line 12, in <module>
    from src.snow_swh import detect_snow
  File "/home/ad/barrouz/WORKSPACE/TIMESERIES_PROJECT/inference_unet/src/snow_swh.py", line 265
    if len(glob.glob(os.path.join(output_tile_path,'*.tif')) == 4 :
                                                                  ^
SyntaxError: invalid syntax
muscate/SPOTWORLDHERITAGE/2012/04/02/SPOT4-HRVIR1-XS_20120402-095001-196_L1C_043-262-9_D_V1-0/SPOT4-HRVIR1-XS_20120402-095001-196_L1C_043-262-9_D_V1-0.zip
activate s3 conda env
start s2 script
get credentials
get s3filesystem
download
SPOT4-HRVIR1-XS_20120402-095001-196_L1C_043-262-9_D_V1-0.zip
/tmp/slurm-4439206/INPUT/SPOT4-HRVIR1-XS_20120402-095001-196_L1C_043-262-9_D_V1-0.zip
run script
Traceback (most recent call last):
  File "/home/ad/barrouz/WORKSPACE/TIMESERIES_PROJECT/inference_unet/run_snow_swh.py", line 12, in <module>
    from src.snow_swh import detect_snow
  File "/home/ad/barrouz/WORKSPACE/TIMESERIES_PROJECT/inference_unet/src/snow_swh.py", line 265
    if len(glob.glob(os.path.join(output_tile_path,'*.tif')) == 4 :
                                                                  ^
SyntaxError: invalid syntax
muscate/SPOTWORLDHERITAGE/2012/04/02/SPOT4-HRVIR1-XS_20120402-095001-338_L1C_043-263-0_D_V1-0/SPOT4-HRVIR1-XS_20120402-095001-338_L1C_043-263-0_D_V1-0.zip
activate s3 conda env
start s2 script
get credentials
get s3filesystem
download
SPOT4-HRVIR1-XS_20120402-095001-338_L1C_043-263-0_D_V1-0.zip
/tmp/slurm-4439206/INPUT/SPOT4-HRVIR1-XS_20120402-095001-338_L1C_043-263-0_D_V1-0.zip
run script
Traceback (most recent call last):
  File "/home/ad/barrouz/WORKSPACE/TIMESERIES_PROJECT/inference_unet/run_snow_swh.py", line 12, in <module>
    from src.snow_swh import detect_snow
  File "/home/ad/barrouz/WORKSPACE/TIMESERIES_PROJECT/inference_unet/src/snow_swh.py", line 265
    if len(glob.glob(os.path.join(output_tile_path,'*.tif')) == 4 :
                                                                  ^
SyntaxError: invalid syntax
muscate/SPOTWORLDHERITAGE/2012/07/24/SPOT4-HRVIR1-XS_20120724-100920-011_L1C_043-262-8_D_V1-0/SPOT4-HRVIR1-XS_20120724-100920-011_L1C_043-262-8_D_V1-0.zip
activate s3 conda env
start s2 script
get credentials
get s3filesystem
download
SPOT4-HRVIR1-XS_20120724-100920-011_L1C_043-262-8_D_V1-0.zip
/tmp/slurm-4439206/INPUT/SPOT4-HRVIR1-XS_20120724-100920-011_L1C_043-262-8_D_V1-0.zip
run script
Traceback (most recent call last):
  File "/home/ad/barrouz/WORKSPACE/TIMESERIES_PROJECT/inference_unet/run_snow_swh.py", line 12, in <module>
    from src.snow_swh import detect_snow
  File "/home/ad/barrouz/WORKSPACE/TIMESERIES_PROJECT/inference_unet/src/snow_swh.py", line 265
    if len(glob.glob(os.path.join(output_tile_path,'*.tif')) == 4 :
                                                                  ^
SyntaxError: invalid syntax
muscate/SPOTWORLDHERITAGE/2012/07/24/SPOT4-HRVIR1-XS_20120724-100921-169_L1C_043-263-0_D_V1-0/SPOT4-HRVIR1-XS_20120724-100921-169_L1C_043-263-0_D_V1-0.zip
activate s3 conda env
start s2 script
get credentials
get s3filesystem
download
SPOT4-HRVIR1-XS_20120724-100921-169_L1C_043-263-0_D_V1-0.zip
/tmp/slurm-4439206/INPUT/SPOT4-HRVIR1-XS_20120724-100921-169_L1C_043-263-0_D_V1-0.zip
run script
Traceback (most recent call last):
  File "/home/ad/barrouz/WORKSPACE/TIMESERIES_PROJECT/inference_unet/run_snow_swh.py", line 12, in <module>
    from src.snow_swh import detect_snow
  File "/home/ad/barrouz/WORKSPACE/TIMESERIES_PROJECT/inference_unet/src/snow_swh.py", line 265
    if len(glob.glob(os.path.join(output_tile_path,'*.tif')) == 4 :
                                                                  ^
SyntaxError: invalid syntax
muscate/SPOTWORLDHERITAGE/2012/03/31/SPOT4-HRVIR2-XS_20120331-102845-966_L1C_043-263-0_D_V1-0/SPOT4-HRVIR2-XS_20120331-102845-966_L1C_043-263-0_D_V1-0.zip
activate s3 conda env
start s2 script
get credentials
get s3filesystem
download
SPOT4-HRVIR2-XS_20120331-102845-966_L1C_043-263-0_D_V1-0.zip
/tmp/slurm-4439206/INPUT/SPOT4-HRVIR2-XS_20120331-102845-966_L1C_043-263-0_D_V1-0.zip
run script
Traceback (most recent call last):
  File "/home/ad/barrouz/WORKSPACE/TIMESERIES_PROJECT/inference_unet/run_snow_swh.py", line 12, in <module>
    from src.snow_swh import detect_snow
  File "/home/ad/barrouz/WORKSPACE/TIMESERIES_PROJECT/inference_unet/src/snow_swh.py", line 265
    if len(glob.glob(os.path.join(output_tile_path,'*.tif')) == 4 :
                                                                  ^
SyntaxError: invalid syntax
muscate/SPOTWORLDHERITAGE/2012/03/31/SPOT4-HRVIR2-XS_20120331-102854-436_L1C_043-264-0_D_V1-0/SPOT4-HRVIR2-XS_20120331-102854-436_L1C_043-264-0_D_V1-0.zip
activate s3 conda env
start s2 script
get credentials
get s3filesystem
download
SPOT4-HRVIR2-XS_20120331-102854-436_L1C_043-264-0_D_V1-0.zip
/tmp/slurm-4439206/INPUT/SPOT4-HRVIR2-XS_20120331-102854-436_L1C_043-264-0_D_V1-0.zip
run script
Traceback (most recent call last):
  File "/home/ad/barrouz/WORKSPACE/TIMESERIES_PROJECT/inference_unet/run_snow_swh.py", line 12, in <module>
    from src.snow_swh import detect_snow
  File "/home/ad/barrouz/WORKSPACE/TIMESERIES_PROJECT/inference_unet/src/snow_swh.py", line 265
    if len(glob.glob(os.path.join(output_tile_path,'*.tif')) == 4 :
                                                                  ^
SyntaxError: invalid syntax
muscate/SPOTWORLDHERITAGE/2012/03/31/SPOT4-HRVIR1-XS_20120331-102843-896_L1C_044-263-0_D_V1-0/SPOT4-HRVIR1-XS_20120331-102843-896_L1C_044-263-0_D_V1-0.zip
activate s3 conda env
start s2 script
get credentials
get s3filesystem
download
SPOT4-HRVIR1-XS_20120331-102843-896_L1C_044-263-0_D_V1-0.zip
/tmp/slurm-4439206/INPUT/SPOT4-HRVIR1-XS_20120331-102843-896_L1C_044-263-0_D_V1-0.zip
run script
Traceback (most recent call last):
  File "/home/ad/barrouz/WORKSPACE/TIMESERIES_PROJECT/inference_unet/run_snow_swh.py", line 12, in <module>
    from src.snow_swh import detect_snow
  File "/home/ad/barrouz/WORKSPACE/TIMESERIES_PROJECT/inference_unet/src/snow_swh.py", line 265
    if len(glob.glob(os.path.join(output_tile_path,'*.tif')) == 4 :
                                                                  ^
SyntaxError: invalid syntax
muscate/SPOTWORLDHERITAGE/2012/03/31/SPOT4-HRVIR1-XS_20120331-102852-388_L1C_044-264-0_D_V1-0/SPOT4-HRVIR1-XS_20120331-102852-388_L1C_044-264-0_D_V1-0.zip
activate s3 conda env
start s2 script
get credentials
get s3filesystem
download
SPOT4-HRVIR1-XS_20120331-102852-388_L1C_044-264-0_D_V1-0.zip
/tmp/slurm-4439206/INPUT/SPOT4-HRVIR1-XS_20120331-102852-388_L1C_044-264-0_D_V1-0.zip
run script
Traceback (most recent call last):
  File "/home/ad/barrouz/WORKSPACE/TIMESERIES_PROJECT/inference_unet/run_snow_swh.py", line 12, in <module>
    from src.snow_swh import detect_snow
  File "/home/ad/barrouz/WORKSPACE/TIMESERIES_PROJECT/inference_unet/src/snow_swh.py", line 265
    if len(glob.glob(os.path.join(output_tile_path,'*.tif')) == 4 :
                                                                  ^
SyntaxError: invalid syntax
muscate/SPOTWORLDHERITAGE/2012/03/31/SPOT4-HRVIR1-XS_20120331-102900-882_L1C_044-265-0_D_V1-0/SPOT4-HRVIR1-XS_20120331-102900-882_L1C_044-265-0_D_V1-0.zip
activate s3 conda env
start s2 script
get credentials
get s3filesystem
download
SPOT4-HRVIR1-XS_20120331-102900-882_L1C_044-265-0_D_V1-0.zip
/tmp/slurm-4439206/INPUT/SPOT4-HRVIR1-XS_20120331-102900-882_L1C_044-265-0_D_V1-0.zip
run script
Traceback (most recent call last):
  File "/home/ad/barrouz/WORKSPACE/TIMESERIES_PROJECT/inference_unet/run_snow_swh.py", line 12, in <module>
    from src.snow_swh import detect_snow
  File "/home/ad/barrouz/WORKSPACE/TIMESERIES_PROJECT/inference_unet/src/snow_swh.py", line 265
    if len(glob.glob(os.path.join(output_tile_path,'*.tif')) == 4 :
                                                                  ^
SyntaxError: invalid syntax
muscate/SPOTWORLDHERITAGE/2012/06/12/SPOT4-HRVIR1-XS_20120612-101955-236_L1C_043-263-0_D_V1-0/SPOT4-HRVIR1-XS_20120612-101955-236_L1C_043-263-0_D_V1-0.zip
activate s3 conda env
start s2 script
get credentials
get s3filesystem
download
SPOT4-HRVIR1-XS_20120612-101955-236_L1C_043-263-0_D_V1-0.zip
/tmp/slurm-4439206/INPUT/SPOT4-HRVIR1-XS_20120612-101955-236_L1C_043-263-0_D_V1-0.zip
run script
Traceback (most recent call last):
  File "/home/ad/barrouz/WORKSPACE/TIMESERIES_PROJECT/inference_unet/run_snow_swh.py", line 12, in <module>
    from src.snow_swh import detect_snow
  File "/home/ad/barrouz/WORKSPACE/TIMESERIES_PROJECT/inference_unet/src/snow_swh.py", line 265
    if len(glob.glob(os.path.join(output_tile_path,'*.tif')) == 4 :
                                                                  ^
SyntaxError: invalid syntax
muscate/SPOTWORLDHERITAGE/2012/06/12/SPOT4-HRVIR2-XS_20120612-102002-789_L1C_045-264-2_D_V1-0/SPOT4-HRVIR2-XS_20120612-102002-789_L1C_045-264-2_D_V1-0.zip
activate s3 conda env
start s2 script
get credentials
get s3filesystem
download
SPOT4-HRVIR2-XS_20120612-102002-789_L1C_045-264-2_D_V1-0.zip
/tmp/slurm-4439206/INPUT/SPOT4-HRVIR2-XS_20120612-102002-789_L1C_045-264-2_D_V1-0.zip
run script
Traceback (most recent call last):
  File "/home/ad/barrouz/WORKSPACE/TIMESERIES_PROJECT/inference_unet/run_snow_swh.py", line 12, in <module>
    from src.snow_swh import detect_snow
  File "/home/ad/barrouz/WORKSPACE/TIMESERIES_PROJECT/inference_unet/src/snow_swh.py", line 265
    if len(glob.glob(os.path.join(output_tile_path,'*.tif')) == 4 :
                                                                  ^
SyntaxError: invalid syntax
muscate/SPOTWORLDHERITAGE/2012/06/12/SPOT4-HRVIR2-XS_20120612-102009-454_L1C_045-265-0_D_V1-0/SPOT4-HRVIR2-XS_20120612-102009-454_L1C_045-265-0_D_V1-0.zip
activate s3 conda env
start s2 script
get credentials
get s3filesystem
download
SPOT4-HRVIR2-XS_20120612-102009-454_L1C_045-265-0_D_V1-0.zip
/tmp/slurm-4439206/INPUT/SPOT4-HRVIR2-XS_20120612-102009-454_L1C_045-265-0_D_V1-0.zip
run script
Traceback (most recent call last):
  File "/home/ad/barrouz/WORKSPACE/TIMESERIES_PROJECT/inference_unet/run_snow_swh.py", line 12, in <module>
    from src.snow_swh import detect_snow
  File "/home/ad/barrouz/WORKSPACE/TIMESERIES_PROJECT/inference_unet/src/snow_swh.py", line 265
    if len(glob.glob(os.path.join(output_tile_path,'*.tif')) == 4 :
                                                                  ^
SyntaxError: invalid syntax
muscate/SPOTWORLDHERITAGE/2012/11/22/SPOT4-HRVIR2-XS_20121122-093307-694_L1C_043-263-0_D_V1-0/SPOT4-HRVIR2-XS_20121122-093307-694_L1C_043-263-0_D_V1-0.zip
activate s3 conda env
start s2 script
get credentials
get s3filesystem
download
SPOT4-HRVIR2-XS_20121122-093307-694_L1C_043-263-0_D_V1-0.zip
/tmp/slurm-4439206/INPUT/SPOT4-HRVIR2-XS_20121122-093307-694_L1C_043-263-0_D_V1-0.zip
run script
Traceback (most recent call last):
  File "/home/ad/barrouz/WORKSPACE/TIMESERIES_PROJECT/inference_unet/run_snow_swh.py", line 12, in <module>
    from src.snow_swh import detect_snow
  File "/home/ad/barrouz/WORKSPACE/TIMESERIES_PROJECT/inference_unet/src/snow_swh.py", line 265
    if len(glob.glob(os.path.join(output_tile_path,'*.tif')) == 4 :
                                                                  ^
SyntaxError: invalid syntax
muscate/SPOTWORLDHERITAGE/2012/11/22/SPOT4-HRVIR2-XS_20121122-093315-963_L1C_043-264-0_D_V1-0/SPOT4-HRVIR2-XS_20121122-093315-963_L1C_043-264-0_D_V1-0.zip
activate s3 conda env
start s2 script
get credentials
get s3filesystem
download
SPOT4-HRVIR2-XS_20121122-093315-963_L1C_043-264-0_D_V1-0.zip
/tmp/slurm-4439206/INPUT/SPOT4-HRVIR2-XS_20121122-093315-963_L1C_043-264-0_D_V1-0.zip
run script
Traceback (most recent call last):
  File "/home/ad/barrouz/WORKSPACE/TIMESERIES_PROJECT/inference_unet/run_snow_swh.py", line 12, in <module>
    from src.snow_swh import detect_snow
  File "/home/ad/barrouz/WORKSPACE/TIMESERIES_PROJECT/inference_unet/src/snow_swh.py", line 265
    if len(glob.glob(os.path.join(output_tile_path,'*.tif')) == 4 :
                                                                  ^
SyntaxError: invalid syntax
muscate/SPOTWORLDHERITAGE/2012/11/22/SPOT4-HRVIR1-XS_20121122-093306-353_L1C_045-263-0_D_V1-0/SPOT4-HRVIR1-XS_20121122-093306-353_L1C_045-263-0_D_V1-0.zip
activate s3 conda env
start s2 script
get credentials
get s3filesystem
download
SPOT4-HRVIR1-XS_20121122-093306-353_L1C_045-263-0_D_V1-0.zip
/tmp/slurm-4439206/INPUT/SPOT4-HRVIR1-XS_20121122-093306-353_L1C_045-263-0_D_V1-0.zip
run script
Traceback (most recent call last):
  File "/home/ad/barrouz/WORKSPACE/TIMESERIES_PROJECT/inference_unet/run_snow_swh.py", line 12, in <module>
    from src.snow_swh import detect_snow
  File "/home/ad/barrouz/WORKSPACE/TIMESERIES_PROJECT/inference_unet/src/snow_swh.py", line 265
    if len(glob.glob(os.path.join(output_tile_path,'*.tif')) == 4 :
                                                                  ^
SyntaxError: invalid syntax
muscate/SPOTWORLDHERITAGE/2012/11/22/SPOT4-HRVIR1-XS_20121122-093314-628_L1C_045-264-0_D_V1-0/SPOT4-HRVIR1-XS_20121122-093314-628_L1C_045-264-0_D_V1-0.zip
activate s3 conda env
start s2 script
get credentials
get s3filesystem
download
SPOT4-HRVIR1-XS_20121122-093314-628_L1C_045-264-0_D_V1-0.zip
/tmp/slurm-4439206/INPUT/SPOT4-HRVIR1-XS_20121122-093314-628_L1C_045-264-0_D_V1-0.zip
run script
Traceback (most recent call last):
  File "/home/ad/barrouz/WORKSPACE/TIMESERIES_PROJECT/inference_unet/run_snow_swh.py", line 12, in <module>
    from src.snow_swh import detect_snow
  File "/home/ad/barrouz/WORKSPACE/TIMESERIES_PROJECT/inference_unet/src/snow_swh.py", line 265
    if len(glob.glob(os.path.join(output_tile_path,'*.tif')) == 4 :
                                                                  ^
SyntaxError: invalid syntax
muscate/SPOTWORLDHERITAGE/2012/11/22/SPOT4-HRVIR1-XS_20121122-093316-433_L1C_045-264-2_D_V1-0/SPOT4-HRVIR1-XS_20121122-093316-433_L1C_045-264-2_D_V1-0.zip
activate s3 conda env
start s2 script
get credentials
get s3filesystem
download
SPOT4-HRVIR1-XS_20121122-093316-433_L1C_045-264-2_D_V1-0.zip
/tmp/slurm-4439206/INPUT/SPOT4-HRVIR1-XS_20121122-093316-433_L1C_045-264-2_D_V1-0.zip
run script
Traceback (most recent call last):
  File "/home/ad/barrouz/WORKSPACE/TIMESERIES_PROJECT/inference_unet/run_snow_swh.py", line 12, in <module>
    from src.snow_swh import detect_snow
  File "/home/ad/barrouz/WORKSPACE/TIMESERIES_PROJECT/inference_unet/src/snow_swh.py", line 265
    if len(glob.glob(os.path.join(output_tile_path,'*.tif')) == 4 :
                                                                  ^
SyntaxError: invalid syntax
muscate/SPOTWORLDHERITAGE/2012/12/02/SPOT4-HRVIR2-XS_20121202-094015-697_L1C_043-264-0_D_V1-0/SPOT4-HRVIR2-XS_20121202-094015-697_L1C_043-264-0_D_V1-0.zip
activate s3 conda env
start s2 script
